Monero 'Wolfram Warptangent' (v0.10.0.0-release)
Logging at log level 2 to /home/athan/dev/moneybit/hmonero/bar.log
2016-Oct-27 07:22:45.336258 Loading wallet...
2016-Oct-27 07:22:45.367073 Loaded wallet keys file, with public address: 45BRD4AuuVy2fX1MuDaxgua8H2mssK2U3FQHAPnKK8jjiLu3esCys72Q6eakWXriCXSwygNnDA9ViizaxtQNZF9T7gJDYz6
2016-Oct-27 07:22:45.367128 Trying to decrypt cache data
2016-Oct-27 07:22:46.978596 Block is already in blockchain: 418015bb9ae982a1975da7d79277c2705727a56894ba0fb246adaabb1f4632e3
2016-Oct-27 07:22:46.982026 Skipped block by timestamp, height: 100, block time 1397822726, account time 1402210800
2016-Oct-27 07:22:46.991584 Skipped block by timestamp, height: 200, block time 1397827363, account time 1402210800
2016-Oct-27 07:22:46.995255 Skipped block by timestamp, height: 300, block time 1397834261, account time 1402210800
2016-Oct-27 07:22:46.999480 Skipped block by timestamp, height: 400, block time 1397839425, account time 1402210800
2016-Oct-27 07:22:47.005159 Skipped block by timestamp, height: 500, block time 1397844182, account time 1402210800
2016-Oct-27 07:22:47.009220 Skipped block by timestamp, height: 600, block time 1397850489, account time 1402210800
2016-Oct-27 07:22:47.012738 Skipped block by timestamp, height: 700, block time 1397856218, account time 1402210800
2016-Oct-27 07:22:47.016164 Skipped block by timestamp, height: 800, block time 1397861349, account time 1402210800
2016-Oct-27 07:22:47.019821 Skipped block by timestamp, height: 900, block time 1397866373, account time 1402210800
2016-Oct-27 07:22:47.641532 Block is already in blockchain: 1492727008d45eaab3fc5013e95648b3c0c39c51e0988a115cb6c25b3f2096e7
2016-Oct-27 07:22:47.641568 Block is already in blockchain: 761cc38ca3639700dd4ce5f95c442dc95d240d051bd6d71774cbd9c1a00e82a3
2016-Oct-27 07:22:47.641581 Block is already in blockchain: 5a050ab6c24eb3550b9a5c5ea4b6c056ed8ffef3b89a0289a86f6c90b6a2bb7c
2016-Oct-27 07:22:47.641589 Skipped block by timestamp, height: 1000, block time 1397871728, account time 1402210800
2016-Oct-27 07:22:47.647024 Skipped block by timestamp, height: 1100, block time 1397876579, account time 1402210800
2016-Oct-27 07:22:47.656243 Skipped block by timestamp, height: 1200, block time 1397882473, account time 1402210800
2016-Oct-27 07:22:47.660382 Skipped block by timestamp, height: 1300, block time 1397888708, account time 1402210800
2016-Oct-27 07:22:47.663969 Skipped block by timestamp, height: 1400, block time 1397894595, account time 1402210800
2016-Oct-27 07:22:47.667547 Skipped block by timestamp, height: 1500, block time 1397900458, account time 1402210800
2016-Oct-27 07:22:47.671542 Skipped block by timestamp, height: 1600, block time 1397907617, account time 1402210800
2016-Oct-27 07:22:47.675124 Skipped block by timestamp, height: 1700, block time 1397912795, account time 1402210800
2016-Oct-27 07:22:47.678964 Skipped block by timestamp, height: 1800, block time 1397918204, account time 1402210800
2016-Oct-27 07:22:47.682474 Skipped block by timestamp, height: 1900, block time 1397923890, account time 1402210800
2016-Oct-27 07:22:48.289571 Block is already in blockchain: 9b98371438b4f3b0026413fa836f9db70378219f5f05dd385a78d31260150c8e
2016-Oct-27 07:22:48.289620 Block is already in blockchain: 5270c5494462f81a95ef9752da3f5e1f729befa99ec12b757283c6c287072758
2016-Oct-27 07:22:48.289637 Block is already in blockchain: 5146d175641dfd84d93f46f181f5e523795c2c58b2b483e00c2daf203489ae45
2016-Oct-27 07:22:48.290101 Skipped block by timestamp, height: 2000, block time 1397942471, account time 1402210800
2016-Oct-27 07:22:48.295731 Skipped block by timestamp, height: 2100, block time 1397946652, account time 1402210800
2016-Oct-27 07:22:48.299621 Skipped block by timestamp, height: 2200, block time 1397950212, account time 1402210800
2016-Oct-27 07:22:48.302978 Skipped block by timestamp, height: 2300, block time 1397954048, account time 1402210800
2016-Oct-27 07:22:48.305748 Skipped block by timestamp, height: 2400, block time 1397957632, account time 1402210800
2016-Oct-27 07:22:48.308127 Skipped block by timestamp, height: 2500, block time 1397961340, account time 1402210800
2016-Oct-27 07:22:48.315280 Skipped block by timestamp, height: 2600, block time 1397966233, account time 1402210800
2016-Oct-27 07:22:48.318625 Skipped block by timestamp, height: 2700, block time 1397970964, account time 1402210800
2016-Oct-27 07:22:48.321331 Skipped block by timestamp, height: 2800, block time 1397976876, account time 1402210800
2016-Oct-27 07:22:48.323908 Skipped block by timestamp, height: 2900, block time 1397982823, account time 1402210800
2016-Oct-27 07:22:48.850531 Block is already in blockchain: fe5aafcd79deb789c72e7aec6cff60cb947578c6f414e44bb87767704fda7ff1
2016-Oct-27 07:22:48.850585 Block is already in blockchain: 45f9637c08888a2c4d0325a6ba0213aeeec2f085a89f270d61e35bcb2dc71b2e
2016-Oct-27 07:22:48.850603 Block is already in blockchain: 7aa918538fe34f09d57d6e662e69babf0b2915a1df32707e43e4c9dadd916bfa
2016-Oct-27 07:22:48.853004 Skipped block by timestamp, height: 3000, block time 1397988986, account time 1402210800
2016-Oct-27 07:22:48.859429 Skipped block by timestamp, height: 3100, block time 1397994463, account time 1402210800
2016-Oct-27 07:22:48.863077 Skipped block by timestamp, height: 3200, block time 1398000536, account time 1402210800
2016-Oct-27 07:22:48.865791 Skipped block by timestamp, height: 3300, block time 1398007559, account time 1402210800
2016-Oct-27 07:22:48.868644 Skipped block by timestamp, height: 3400, block time 1398012236, account time 1402210800
2016-Oct-27 07:22:48.871457 Skipped block by timestamp, height: 3500, block time 1398017773, account time 1402210800
2016-Oct-27 07:22:48.873980 Skipped block by timestamp, height: 3600, block time 1398022923, account time 1402210800
2016-Oct-27 07:22:48.876542 Skipped block by timestamp, height: 3700, block time 1398028087, account time 1402210800
2016-Oct-27 07:22:48.879219 Skipped block by timestamp, height: 3800, block time 1398032775, account time 1402210800
2016-Oct-27 07:22:48.882398 Skipped block by timestamp, height: 3900, block time 1398039429, account time 1402210800
2016-Oct-27 07:22:49.576907 Block is already in blockchain: 5812ce4d5eedc424afc672dc5cafc62dbd85600118c6e4d612b7e8283ef98645
2016-Oct-27 07:22:49.576975 Block is already in blockchain: cf4785a5e1742583678b38dd34aeeec460e30f30adfe9c5f58291e53db18127c
2016-Oct-27 07:22:49.577000 Block is already in blockchain: 57172edc621262b8726ae4a8d7028b9c8f7577879a075051b8eecfbc5e0b4923
2016-Oct-27 07:22:49.578158 Skipped block by timestamp, height: 4000, block time 1398044685, account time 1402210800
2016-Oct-27 07:22:49.583962 Skipped block by timestamp, height: 4100, block time 1398049136, account time 1402210800
2016-Oct-27 07:22:49.588356 Skipped block by timestamp, height: 4200, block time 1398055023, account time 1402210800
2016-Oct-27 07:22:49.591736 Skipped block by timestamp, height: 4300, block time 1398060660, account time 1402210800
2016-Oct-27 07:22:49.594369 Skipped block by timestamp, height: 4400, block time 1398067000, account time 1402210800
2016-Oct-27 07:22:49.596773 Skipped block by timestamp, height: 4500, block time 1398072982, account time 1402210800
2016-Oct-27 07:22:49.599544 Skipped block by timestamp, height: 4600, block time 1398080220, account time 1402210800
2016-Oct-27 07:22:49.602054 Skipped block by timestamp, height: 4700, block time 1398086470, account time 1402210800
2016-Oct-27 07:22:49.604542 Skipped block by timestamp, height: 4800, block time 1398092691, account time 1402210800
2016-Oct-27 07:22:49.606879 Skipped block by timestamp, height: 4900, block time 1398098242, account time 1402210800
2016-Oct-27 07:22:50.167482 Block is already in blockchain: f1963d75e6692f066ca0635412ed1ca07c8d0bb4c3b5ef163b3d9dfdb90f7462
2016-Oct-27 07:22:50.167537 Block is already in blockchain: 9c8adb30cf0646934d9cd993f61c16e47edb7754bd78416ce92edf6cf38cfd57
2016-Oct-27 07:22:50.167563 Block is already in blockchain: 6a785ea6dba43f13ffa9427701fdde415b5fe685067fdfb0481afe69d4e6f970
2016-Oct-27 07:22:50.168403 Skipped block by timestamp, height: 5000, block time 1398104607, account time 1402210800
2016-Oct-27 07:22:50.173529 Skipped block by timestamp, height: 5100, block time 1398109783, account time 1402210800
2016-Oct-27 07:22:50.177037 Skipped block by timestamp, height: 5200, block time 1398113683, account time 1402210800
2016-Oct-27 07:22:50.179982 Skipped block by timestamp, height: 5300, block time 1398116740, account time 1402210800
2016-Oct-27 07:22:50.182864 Skipped block by timestamp, height: 5400, block time 1398120402, account time 1402210800
2016-Oct-27 07:22:50.185795 Skipped block by timestamp, height: 5500, block time 1398124073, account time 1402210800
2016-Oct-27 07:22:50.188515 Skipped block by timestamp, height: 5600, block time 1398127941, account time 1402210800
2016-Oct-27 07:22:50.191053 Skipped block by timestamp, height: 5700, block time 1398132646, account time 1402210800
2016-Oct-27 07:22:50.193529 Skipped block by timestamp, height: 5800, block time 1398137986, account time 1402210800
2016-Oct-27 07:22:50.196091 Skipped block by timestamp, height: 5900, block time 1398144051, account time 1402210800
2016-Oct-27 07:22:50.818950 Block is already in blockchain: 78b6cbd97740cafb5862ab69330084baada2c3bbb5e37c74babb35d9eb4c386c
2016-Oct-27 07:22:50.819019 Block is already in blockchain: c1514bb67aadac10c80f77e7cb07d1f15e8cf0159afb4b45763b3c2a360dfcfd
2016-Oct-27 07:22:50.819046 Block is already in blockchain: 23fbe2c1d53595e82296b347f84fc044d91887e7bbb92f957813b0cecc42772d
2016-Oct-27 07:22:50.820301 Skipped block by timestamp, height: 6000, block time 1398150254, account time 1402210800
2016-Oct-27 07:22:50.825123 Skipped block by timestamp, height: 6100, block time 1398155584, account time 1402210800
2016-Oct-27 07:22:50.829226 Skipped block by timestamp, height: 6200, block time 1398160797, account time 1402210800
2016-Oct-27 07:22:50.832671 Skipped block by timestamp, height: 6300, block time 1398166644, account time 1402210800
2016-Oct-27 07:22:50.835252 Skipped block by timestamp, height: 6400, block time 1398172077, account time 1402210800
2016-Oct-27 07:22:50.838021 Skipped block by timestamp, height: 6500, block time 1398179033, account time 1402210800
2016-Oct-27 07:22:50.840338 Skipped block by timestamp, height: 6600, block time 1398186593, account time 1402210800
2016-Oct-27 07:22:50.842603 Skipped block by timestamp, height: 6700, block time 1398192751, account time 1402210800
2016-Oct-27 07:22:50.845197 Skipped block by timestamp, height: 6800, block time 1398199131, account time 1402210800
2016-Oct-27 07:22:50.847855 Skipped block by timestamp, height: 6900, block time 1398204779, account time 1402210800
2016-Oct-27 07:22:51.789541 Refresh done, blocks received: 6981, balance: 0.000000000000, unlocked: 0.000000000000
2016-Oct-27 07:22:51.791491 Storing wallet...
2016-Oct-27 07:22:51.846368 Stored ok
