Monero 'Wolfram Warptangent' (v0.10.0.0-release)
Logging at log level 2 to /home/athan/dev/moneybit/hmonero/foo.log
2016-Oct-29 16:06:28.505085 Loading wallet...
2016-Oct-29 16:06:28.541880 Loaded wallet keys file, with public address: 48aPXdzu2Qt1KVVuPUunjeVTm6zf6Vg3kf38VhSCunCzQjWBzH3rpJjSwDgnE8ocJWYGeEqhEoBWqeoVwbyYs3se6cGdjTx
2016-Oct-29 16:06:28.553643 Trying to decrypt cache data
2016-Oct-29 16:06:29.176694 Block is already in blockchain: 5a9d8ada8d03f046309134b615eb2b28776f809a7a569c33f6d9213b52ca0395
2016-Oct-29 16:06:29.196228 Processed block: <beda1d97f98130ee01dafbfd18d901719ac68578741ed860772d4c4487bd6f60>, height 1168327, 19(2/17)ms
2016-Oct-29 16:06:29.209035 Processed block: <e62e2b0ef9a94b0a8fdbf01d3c88d6c6f811787e3a4560caf98e43ec96655409>, height 1168328, 0(0/0)ms
2016-Oct-29 16:06:29.209457 Processed block: <ab2a2e8f1ae342929fced2b0d10c6113cca41f596901c8f69629ee08e7d8c437>, height 1168329, 1(1/0)ms
2016-Oct-29 16:06:29.219385 Processed block: <9e6b9c3e608072e786bfefa05ebe5ea9a41917c815ede83cd3b88ba7b3e499b4>, height 1168330, 10(0/10)ms
2016-Oct-29 16:06:29.221813 Processed block: <3d19011428c1e4debf5f1618d8749bb7fac21fc23489b486b0a58cd80b6844ab>, height 1168331, 2(0/2)ms
2016-Oct-29 16:06:29.222089 Processed block: <70e25e5eba813ed47dab2d000e308d3565b0cad30e832bf75602de5bdd22abe3>, height 1168332, 0(0/0)ms
2016-Oct-29 16:06:29.227803 Processed block: <3170bc8b8dddd7b0a9df54b9dbf0974138a01c3994e923ccbdff3e666ad9d6fa>, height 1168333, 6(1/5)ms
2016-Oct-29 16:06:29.234940 Processed block: <71c6b38f8e9b4acd5e29298d2cef379217389b5461db5182d6ca43bd63ab0834>, height 1168334, 7(0/7)ms
2016-Oct-29 16:06:29.405215 Block is already in blockchain: 70e25e5eba813ed47dab2d000e308d3565b0cad30e832bf75602de5bdd22abe3
2016-Oct-29 16:06:29.405395 Block is already in blockchain: 3170bc8b8dddd7b0a9df54b9dbf0974138a01c3994e923ccbdff3e666ad9d6fa
2016-Oct-29 16:06:29.405472 Block is already in blockchain: 71c6b38f8e9b4acd5e29298d2cef379217389b5461db5182d6ca43bd63ab0834
2016-Oct-29 16:06:30.489150 Found new pool tx: <6151030cc7e13521c4e288fa9cd86ccfe513eda458596fe9dbc180331a59031e>
2016-Oct-29 16:06:30.902549 Refresh done, blocks received: 8, balance: 1.720000000000, unlocked: 1.720000000000
2016-Oct-29 16:06:30.902605 Loaded ok
2016-Oct-29 16:06:30.902729 Binding on 127.0.0.1:18082
2016-Oct-29 16:06:30.902850 Starting wallet rpc server
2016-Oct-29 16:06:30.902877 Run net_service loop( 1 threads)...
2016-Oct-29 16:06:51.158436 [RPC0]Block is already in blockchain: 71c6b38f8e9b4acd5e29298d2cef379217389b5461db5182d6ca43bd63ab0834
2016-Oct-29 16:06:51.617506 [RPC0]Found new pool tx: <6151030cc7e13521c4e288fa9cd86ccfe513eda458596fe9dbc180331a59031e>
2016-Oct-29 16:06:51.865979 [RPC0]Refresh done, blocks received: 0, balance: 1.720000000000, unlocked: 1.720000000000
2016-Oct-29 16:07:12.439798 [RPC0]Block is already in blockchain: 71c6b38f8e9b4acd5e29298d2cef379217389b5461db5182d6ca43bd63ab0834
2016-Oct-29 16:07:13.117681 [RPC0]Found new pool tx: <6151030cc7e13521c4e288fa9cd86ccfe513eda458596fe9dbc180331a59031e>
2016-Oct-29 16:07:13.358729 [RPC0]Refresh done, blocks received: 0, balance: 1.720000000000, unlocked: 1.720000000000
2016-Oct-29 16:07:33.879393 [RPC0]Block is already in blockchain: 71c6b38f8e9b4acd5e29298d2cef379217389b5461db5182d6ca43bd63ab0834
2016-Oct-29 16:07:34.578628 [RPC0]Found new pool tx: <c8143557cc5d61a16d6047b3caebe855a62342f1a1489a529350cfccb64098e3>
2016-Oct-29 16:07:34.810421 [RPC0]Found new pool tx: <6151030cc7e13521c4e288fa9cd86ccfe513eda458596fe9dbc180331a59031e>
2016-Oct-29 16:07:35.071341 [RPC0]Refresh done, blocks received: 0, balance: 1.720000000000, unlocked: 1.720000000000
2016-Oct-29 16:07:55.489355 [RPC0]Block is already in blockchain: 71c6b38f8e9b4acd5e29298d2cef379217389b5461db5182d6ca43bd63ab0834
2016-Oct-29 16:07:56.367468 [RPC0]Found new pool tx: <c8143557cc5d61a16d6047b3caebe855a62342f1a1489a529350cfccb64098e3>
2016-Oct-29 16:07:56.893048 [RPC0]Found new pool tx: <6151030cc7e13521c4e288fa9cd86ccfe513eda458596fe9dbc180331a59031e>
2016-Oct-29 16:07:57.161989 [RPC0]Refresh done, blocks received: 0, balance: 1.720000000000, unlocked: 1.720000000000
2016-Oct-29 16:08:17.556439 [RPC0]Block is already in blockchain: 71c6b38f8e9b4acd5e29298d2cef379217389b5461db5182d6ca43bd63ab0834
2016-Oct-29 16:08:18.840008 [RPC0]Found new pool tx: <07a61f6ed96d36285778c074873442a5178744c5e4896f20b9526e29bea8aaed>
2016-Oct-29 16:08:19.080443 [RPC0]Found new pool tx: <c8143557cc5d61a16d6047b3caebe855a62342f1a1489a529350cfccb64098e3>
2016-Oct-29 16:08:19.580241 [RPC0]Found new pool tx: <6151030cc7e13521c4e288fa9cd86ccfe513eda458596fe9dbc180331a59031e>
2016-Oct-29 16:08:19.870815 [RPC0]Refresh done, blocks received: 0, balance: 1.720000000000, unlocked: 1.720000000000
2016-Oct-29 16:08:40.314619 [RPC0]Block is already in blockchain: 71c6b38f8e9b4acd5e29298d2cef379217389b5461db5182d6ca43bd63ab0834
2016-Oct-29 16:08:41.351008 [RPC0]Found new pool tx: <2ed050e7da505740120c071b0ed4341dcf982e4cb8e5d91eb90f5c3f19cc8b29>
2016-Oct-29 16:08:41.599223 [RPC0]Found new pool tx: <07a61f6ed96d36285778c074873442a5178744c5e4896f20b9526e29bea8aaed>
2016-Oct-29 16:08:41.859330 [RPC0]Found new pool tx: <c8143557cc5d61a16d6047b3caebe855a62342f1a1489a529350cfccb64098e3>
2016-Oct-29 16:08:42.109796 [RPC0]Found new pool tx: <6151030cc7e13521c4e288fa9cd86ccfe513eda458596fe9dbc180331a59031e>
2016-Oct-29 16:08:42.347886 [RPC0]Refresh done, blocks received: 0, balance: 1.720000000000, unlocked: 1.720000000000
2016-Oct-29 16:09:02.641829 [RPC0]Block is already in blockchain: 71c6b38f8e9b4acd5e29298d2cef379217389b5461db5182d6ca43bd63ab0834
2016-Oct-29 16:09:03.372018 [RPC0]Found new pool tx: <d0d451bd9ca3ea017ddcd2cc7e2b7f5814563d7e9e10fe15e95ddc2f30d3d9fa>
2016-Oct-29 16:09:03.684981 [RPC0]Found new pool tx: <2ed050e7da505740120c071b0ed4341dcf982e4cb8e5d91eb90f5c3f19cc8b29>
2016-Oct-29 16:09:03.932212 [RPC0]Found new pool tx: <07a61f6ed96d36285778c074873442a5178744c5e4896f20b9526e29bea8aaed>
2016-Oct-29 16:09:04.381814 [RPC0]Found new pool tx: <c8143557cc5d61a16d6047b3caebe855a62342f1a1489a529350cfccb64098e3>
2016-Oct-29 16:09:04.821967 [RPC0]Found new pool tx: <6151030cc7e13521c4e288fa9cd86ccfe513eda458596fe9dbc180331a59031e>
2016-Oct-29 16:09:05.085304 [RPC0]Refresh done, blocks received: 0, balance: 1.720000000000, unlocked: 1.720000000000
2016-Oct-29 16:09:25.456201 [RPC0]Block is already in blockchain: 71c6b38f8e9b4acd5e29298d2cef379217389b5461db5182d6ca43bd63ab0834
2016-Oct-29 16:09:26.601848 [RPC0]Found new pool tx: <d0d451bd9ca3ea017ddcd2cc7e2b7f5814563d7e9e10fe15e95ddc2f30d3d9fa>
2016-Oct-29 16:09:26.901075 [RPC0]Found new pool tx: <2ed050e7da505740120c071b0ed4341dcf982e4cb8e5d91eb90f5c3f19cc8b29>
2016-Oct-29 16:09:27.174898 [RPC0]Found new pool tx: <07a61f6ed96d36285778c074873442a5178744c5e4896f20b9526e29bea8aaed>
2016-Oct-29 16:09:27.423400 [RPC0]Found new pool tx: <c8143557cc5d61a16d6047b3caebe855a62342f1a1489a529350cfccb64098e3>
2016-Oct-29 16:09:27.654848 [RPC0]Found new pool tx: <6151030cc7e13521c4e288fa9cd86ccfe513eda458596fe9dbc180331a59031e>
2016-Oct-29 16:09:27.900503 [RPC0]Refresh done, blocks received: 0, balance: 1.720000000000, unlocked: 1.720000000000
2016-Oct-29 16:09:48.203947 [RPC0]Block is already in blockchain: 71c6b38f8e9b4acd5e29298d2cef379217389b5461db5182d6ca43bd63ab0834
2016-Oct-29 16:09:49.262992 [RPC0]Found new pool tx: <208ac52a504e356cc2965d9369f78348360e85f39bcd0090cdf978aae9d5e579>
2016-Oct-29 16:09:49.560231 [RPC0]Found new pool tx: <94121947c901947eb9892e410e07f003db455062af52cdf5935cd369d252be82>
2016-Oct-29 16:09:50.050575 [RPC0]Found new pool tx: <d0d451bd9ca3ea017ddcd2cc7e2b7f5814563d7e9e10fe15e95ddc2f30d3d9fa>
2016-Oct-29 16:09:50.300349 [RPC0]Found new pool tx: <2ed050e7da505740120c071b0ed4341dcf982e4cb8e5d91eb90f5c3f19cc8b29>
2016-Oct-29 16:09:50.536677 [RPC0]Found new pool tx: <07a61f6ed96d36285778c074873442a5178744c5e4896f20b9526e29bea8aaed>
2016-Oct-29 16:09:50.800844 [RPC0]Found new pool tx: <c8143557cc5d61a16d6047b3caebe855a62342f1a1489a529350cfccb64098e3>
2016-Oct-29 16:09:51.038983 [RPC0]Found new pool tx: <6151