2016-Oct-05 22:52:24.232141 Monero 'Wolfram Warptangent' (v0.10.0.0-release)
2016-Oct-05 22:52:24.232183 Setting log level = 2
2016-Oct-05 22:52:24.232197 default_log: monero-wallet-cli.log
2016-Oct-05 22:52:24.232229 Logging at log level 2 to /home/athan/dev/moneybit/hmonero/foo.log
2016-Oct-05 22:52:24.232267 Loading wallet...
2016-Oct-05 22:52:24.282217 Loaded wallet keys file, with public address: 48aPXdzu2Qt1KVVuPUunjeVTm6zf6Vg3kf38VhSCunCzQjWBzH3rpJjSwDgnE8ocJWYGeEqhEoBWqeoVwbyYs3se6cGdjTx
2016-Oct-05 22:52:24.303879 Trying to decrypt cache data
2016-Oct-05 22:52:25.124066 Block is already in blockchain: 64c4c0842aa7cb018eb0620a1f59c8c6aaecf9414570bf9aa3d3e4296fd2ff63
2016-Oct-05 22:52:25.683763 Found new pool tx: <fb378661ea544cb9d6a341f77f7b780a545c57639a9f9148e130c49ed6e65d23>
2016-Oct-05 22:52:26.056890 Refresh done, blocks received: 0, balance: 1.960000000000, unlocked: 1.960000000000
2016-Oct-05 22:52:26.056969 Loaded ok
2016-Oct-05 22:52:26.057171 Binding on 127.0.0.1:18082
2016-Oct-05 22:52:26.057355 Starting wallet rpc server
2016-Oct-05 22:52:26.057398 Run net_service loop( 1 threads)...
2016-Oct-05 22:52:46.493618 [RPC0]Block is already in blockchain: 64c4c0842aa7cb018eb0620a1f59c8c6aaecf9414570bf9aa3d3e4296fd2ff63
2016-Oct-05 22:52:47.333609 [RPC0]Found new pool tx: <357451b54b4f1456b0726e574054b534559f97e2154db6c9edeeb27646b41b62>
2016-Oct-05 22:52:47.696727 [RPC0]Found new pool tx: <fb378661ea544cb9d6a341f77f7b780a545c57639a9f9148e130c49ed6e65d23>
2016-Oct-05 22:52:48.039099 [RPC0]Refresh done, blocks received: 0, balance: 1.960000000000, unlocked: 1.960000000000
2016-Oct-05 22:53:08.410028 [RPC0]Block is already in blockchain: 64c4c0842aa7cb018eb0620a1f59c8c6aaecf9414570bf9aa3d3e4296fd2ff63
2016-Oct-05 22:53:09.403360 [RPC0]Found new pool tx: <357451b54b4f1456b0726e574054b534559f97e2154db6c9edeeb27646b41b62>
2016-Oct-05 22:53:09.888825 [RPC0]Found new pool tx: <fb378661ea544cb9d6a341f77f7b780a545c57639a9f9148e130c49ed6e65d23>
2016-Oct-05 22:53:10.332717 [RPC0]Refresh done, blocks received: 0, balance: 1.960000000000, unlocked: 1.960000000000
2016-Oct-05 22:53:26.550398 [RPC0]HTTP [127.0.0.1] POST /json_rpc
2016-Oct-05 22:53:26.550486 [RPC0]/json_rpc[getbalance] processed with 0/0/0ms
2016-Oct-05 22:53:26.552079 [RPC0]HTTP [127.0.0.1] POST /json_rpc
2016-Oct-05 22:53:26.552163 [RPC0]/json_rpc[getaddress] processed with 0/0/0ms
2016-Oct-05 22:53:26.592795 [RPC0]HTTP [127.0.0.1] POST /json_rpc
2016-Oct-05 22:53:26.592863 [RPC0]/json_rpc[getheight] processed with 0/0/0ms
2016-Oct-05 22:53:26.632720 [RPC0]HTTP [127.0.0.1] POST /json_rpc
2016-Oct-05 22:53:27.265874 [RPC0]Using v2 rules
2016-Oct-05 22:53:27.962899 [RPC0]Not using v3 rules
2016-Oct-05 22:56:21.385304 [RPC0]/json_rpc[sweep_dust] processed with 0/174752/0ms
2016-Oct-05 22:56:21.615786 [RPC0]Block is already in blockchain: 64c4c0842aa7cb018eb0620a1f59c8c6aaecf9414570bf9aa3d3e4296fd2ff63
2016-Oct-05 22:56:22.242745 [RPC0]Found new pool tx: <2cc823b7ed14079b6b61efe6f413150feb1acf93d0cc2bcc5a6ac22f48d53eda>
2016-Oct-05 22:56:22.530305 [RPC0]Found new pool tx: <4d7edd42b8ae28468f1bf2c104d20ef3c0760e2e3bb8bba73f063acce3f1a7d8>
2016-Oct-05 22:56:22.801804 [RPC0]Found new pool tx: <598fd0a0f2db810523461d55f9b892143798054a0c6ece572541abf5c4e120a7>
2016-Oct-05 22:56:23.057471 [RPC0]Found new pool tx: <357451b54b4f1456b0726e574054b534559f97e2154db6c9edeeb27646b41b62>
2016-Oct-05 22:56:23.572396 [RPC0]Found new pool tx: <fb378661ea544cb9d6a341f77f7b780a545c57639a9f9148e130c49ed6e65d23>
2016-Oct-05 22:56:23.853444 [RPC0]Refresh done, blocks received: 0, balance: 1.960000000000, unlocked: 1.960000000000
2016-Oct-05 22:56:23.856703 [RPC0]HTTP [127.0.0.1] POST /json_rpc
2016-Oct-05 22:56:23.857416 [RPC0]/json_rpc[query_key] processed with 0/0/0ms
2016-Oct-05 22:56:23.896526 [RPC0]HTTP [127.0.0.1] POST /json_rpc
2016-Oct-05 22:56:23.896897 [RPC0]/json_rpc[incoming_transfers] processed with 0/0/0ms
2016-Oct-05 22:56:23.936858 [RPC0]HTTP [127.0.0.1] POST /json_rpc
2016-Oct-05 22:56:23.936934 [RPC0]/json_rpc[make_integrated_address] processed with 0/0/0ms
2016-Oct-05 22:56:23.976358 [RPC0]HTTP [127.0.0.1] POST /json_rpc
2016-Oct-05 22:56:24.366954 [RPC0]/json_rpc[store] processed with 0/391/0ms
2016-Oct-05 22:56:24.404436 [RPC0]HTTP [127.0.0.1] POST /json_rpc
2016-Oct-05 22:56:24.404517 [RPC0]/json_rpc[get_payments] processed with 0/0/0ms
2016-Oct-05 22:56:24.444826 [RPC0]HTTP [127.0.0.1] POST /json_rpc
2016-Oct-05 22:56:24.444946 [RPC0]/json_rpc[get_payments] processed with 0/0/0ms
2016-Oct-05 22:56:24.484640 [RPC0]HTTP [127.0.0.1] POST /json_rpc
2016-Oct-05 22:56:24.484758 [RPC0]/json_rpc[get_bulk_payments] processed with 0/0/0ms
2016-Oct-05 22:56:24.524593 [RPC0]HTTP [127.0.0.1] POST /json_rpc
2016-Oct-05 22:56:24.524700 [RPC0]/json_rpc[split_integrated_address] processed with 0/0/0ms
2016-Oct-05 22:56:24.564382 [RPC0]HTTP [127.0.0.1] POST /json_rpc
2016-Oct-05 22:56:25.134210 [RPC0]Using v2 rules
2016-Oct-05 22:56:25.134257 [RPC0]Requested mixin 1 too low for hard fork 2, using 2
2016-Oct-05 22:56:25.725993 [RPC0]Using v2 rules
2016-Oct-05 22:56:26.408527 [RPC0]Not using v4 rules
2016-Oct-05 22:56:27.016501 [RPC0]Not using v3 rules
2016-Oct-05 22:56:27.016570 [RPC0]transfer: adding 0.001000000000, for a total of 0.001000000000
2016-Oct-05 22:56:27.016594 [RPC0]Starting with 6 non-dust outputs and 0 dust outputs
2016-Oct-05 22:56:27.016624 [RPC0]Picking output 12, amount 0.060000000000
2016-Oct-05 22:56:27.016655 [RPC0]We can fully pay 48iZ4NPuYsTfZEiYYXzKbTeZotimqEsfUB2LgykPAksdHkz4daHT46ZFsnkwRygxu2KR3KmkhpLvNQMtszjC3TsVFMLSNwK for 0.001000000000
2016-Oct-05 22:56:27.016677 [RPC0]Considering whether to create a tx now, 1 inputs, tx limit 74400
2016-Oct-05 22:56:27.016694 [RPC0]Trying to create a tx now, with 1 destinations and 1 outputs
2016-Oct-05 22:56:27.648000 [RPC0]Using v2 rules
2016-Oct-05 22:56:27.648066 [RPC0]transfer: starting with fee 0.000000000000
2016-Oct-05 22:56:27.648093 [RPC0]transfer: adding 0.001000000000, for a total of 0.001000000000
2016-Oct-05 22:56:27.648118 [RPC0]wanted 0.001000000000, found 0.060000000000, fee 0.000000000000
2016-Oct-05 22:56:27.648141 [RPC0]fake_outputs_count: 2
2016-Oct-05 22:56:27.963152 [RPC0]base_requested_outputs_count: 5
2016-Oct-05 22:56:27.963210 [RPC0]232193 outputs of size 0.060000000000
2016-Oct-05 22:56:27.963250 [RPC0]asking for output 14231 for 0.060000000000
2016-Oct-05 22:56:27.963269 [RPC0]asking for output 106731 for 0.060000000000
2016-Oct-05 22:56:27.963286 [RPC0]asking for output 125343 for 0.060000000000
2016-Oct-05 22:56:27.963303 [RPC0]asking for output 169465 for 0.060000000000
2016-Oct-05 22:56:27.963319 [RPC0]asking for output 231867 for 0.060000000000
2016-Oct-05 22:56:28.292726 [RPC0]Looking for 3 outputs of size 0.060000000000
2016-Oct-05 22:56:28.292876 [RPC0]Index 0/5: idx 14231 (real 231867), unlocked 1, key <114244d2c1c9792893edcaed8cd534bce80610d0413a4e09ee9af692e02a175a>
2016-Oct-05 22:56:28.292920 [RPC0]Index 3/5: idx 169465 (real 231867), unlocked 1, key <775dc9543353df31d60e086cd02f8dca7c93c24ef6d25954d23a6334a65f5850>
2016-Oct-05 22:56:28.293771 [RPC0]amount=0.060000000000, real_output=2, real_output_in_tx_index=1, indexes: 14231 169465 231867 
2016-Oct-05 22:56:28.298998 [RPC0]Made a 355 kB tx, with 0.059000000000 available for fee (0.010000000000 needed)
2016-Oct-05 22:56:28.299034 [RPC0]We made a tx, adjusting fee and saving it
2016-Oct-05 22:56:28.918590 [RPC0]Using v2 rules
2016-Oct-05 22:56:28.918653 [RPC0]transfer: starting with fee 0.010000000000
2016-Oct-05 22:56:28.918672 [RPC0]transfer: adding 0.001000000000, for a total of 0.011000000000
2016-Oct-05 22:56:28.918690 [RPC0]wanted 0.011000000000, found 0.060000000000, fee 0.010000000000
2016-Oct-05 22:56:28.918706 [RPC0]fake_outputs_count: 2
2016-Oct-05 22:56:29.238634 [RPC0]base_requested_outputs_count: 5
2016-Oct-05 22:56:29.238709 [RPC0]232193 outputs of size 0.060000000000
2016-Oct-05 22:56:29.238766 [RPC0]asking for output 142364 for 0.060000000000
2016-Oct-05 22:56:29.238791 [RPC0]asking for output 158121 for 0.060000000000
2016-Oct-05 22:56:29.238815 [RPC0]asking for output 188722 for 0.060000000000
2016-Oct-05 22:56:29.238838 [RPC0]asking for output 197860 for 0.060000000000
2016-Oct-05 22:56:29.238879 [RPC0]asking for output 231867 for 0.060000000000
2016-Oct-05 22:56:29.559174 [RPC0]Looking for 3 outputs of size 0.060000000000
2016-Oct-05 22:56:29.559244 [RPC0]Index 2/5: idx 188722 (real 231867), unlocked 1, key <d5c9aded36b4f4b4c419e4bc77a0ee35067e8b3d196a9afd092d7e3667ea8559>
2016-Oct-05 22:56:29.559279 [RPC0]Index 3/5: idx 197860 (real 231867), unlocked 1, key <3c6d490f672d29f3c57f0898b0520b162bfbffc704e929e638d9d9caf69c1433>
2016-Oct-05 22:56:29.560111 [RPC0]amount=0.060000000000, real_output=2, real_output_in_tx_index=1, indexes: 188722 197860 231867 
2016-Oct-05 22:56:29.565355 [RPC0]Made a final 1 kB tx, with 0.019000000000 fee  and 0.040000000000 change
2016-Oct-05 22:56:29.565401 [RPC0]Done creating 1 transactions, 0.019000000000 total fee, 0.040000000000 total change
2016-Oct-05 22:56:29.565426 [RPC0]  Transaction 1/1: 1 kB, sending 0.060000000000 in 1 outputs to 1 destination(s), including 0.019000000000 fee, 0.040000000000 change
2016-Oct-05 22:56:30.138786 [RPC0]transaction <cee3a002f87129c311155d22db6a1111d44ba226ffe443f47f4b9465f612ae0a> generated ok and sent to daemon, key_images: [<3feac16c69f6a1c84be915183796309921080321856f91d0c8269dbf09b61320> ]
2016-Oct-05 22:56:30.138870 [RPC0]Setting SPENT at 0: ki <3feac16c69f6a1c84be915183796309921080321856f91d0c8269dbf09b61320>, amount 0.060000000000
2016-Oct-05 22:56:30.138908 [RPC0]Transaction successfully sent. <<cee3a002f87129c311155d22db6a1111d44ba226ffe443f47f4b9465f612ae0a>>
Commission: 0.019000000000 (dust sent to dust addr: 0.000000000000)
Balance: 1.940000000000
Unlocked: 1.900000000000
Please, wait for confirmation for your balance to be unlocked.
2016-Oct-05 22:56:30.139093 [RPC0]/json_rpc[transfer] processed with 0/5575/0ms
2016-Oct-05 22:56:30.177196 [RPC0]HTTP [127.0.0.1] POST /json_rpc
2016-Oct-05 22:56:30.741905 [RPC0]Using v2 rules
2016-Oct-05 22:56:31.358901 [RPC0]Not using v4 rules
2016-Oct-05 22:56:32.269183 [RPC0]Not using v3 rules
2016-Oct-05 22:56:32.269256 [RPC0]transfer: adding 0.001000000000, for a total of 0.001000000000
2016-Oct-05 22:56:32.269285 [RPC0]Starting with 5 non-dust outputs and 0 dust outputs
2016-Oct-05 22:56:32.269324 [RPC0]Picking output 7, amount 0.900000000000
2016-Oct-05 22:56:32.269364 [RPC0]We can fully pay 48iZ4NPuYsTfZEiYYXzKbTeZotimqEsfUB2LgykPAksdHkz4daHT46ZFsnkwRygxu2KR3KmkhpLvNQMtszjC3TsVFMLSNwK for 0.001000000000
2016-Oct-05 22:56:32.269390 [RPC0]Considering whether to create a tx now, 1 inputs, tx limit 74400
2016-Oct-05 22:56:32.269412 [RPC0]Trying to create a tx now, with 1 destinations and 1 outputs
2016-Oct-05 22:56:32.953469 [RPC0]Using v2 rules
2016-Oct-05 22:56:32.953538 [RPC0]transfer: starting with fee 0.000000000000
2016-Oct-05 22:56:32.953566 [RPC0]transfer: adding 0.001000000000, for a total of 0.001000000000
2016-Oct-05 22:56:32.953591 [RPC0]wanted 0.001000000000, found 0.900000000000, fee 0.000000000000
2016-Oct-05 22:56:32.953613 [RPC0]fake_outputs_count: 3
2016-Oct-05 22:56:33.404973 [RPC0]base_requested_outputs_count: 7
2016-Oct-05 22:56:33.405045 [RPC0]405218 outputs of size 0.900000000000
2016-Oct-05 22:56:33.405114 [RPC0]asking for output 56458 for 0.900000000000
2016-Oct-05 22:56:33.405139 [RPC0]asking for output 72506 for 0.900000000000
2016-Oct-05 22:56:33.405163 [RPC0]asking for output 158957 for 0.900000000000
2016-Oct-05 22:56:33.405187 [RPC0]asking for output 173054 for 0.900000000000
2016-Oct-05 22:56:33.405211 [RPC0]asking for output 306289 for 0.900000000000
2016-Oct-05 22:56:33.405234 [RPC0]asking for output 373325 for 0.900000000000
2016-Oct-05 22:56:33.405258 [RPC0]asking for output 404117 for 0.900000000000
2016-Oct-05 22:56:33.759859 [RPC0]Looking for 4 outputs of size 0.900000000000
2016-Oct-05 22:56:33.759902 [RPC0]Index 6/7: idx 404117 (real 404117), unlocked 1, key <d38a173b367a1a029e39dcb8ff7b0e17c39f0724dbfc24f892f24ae130a680dc>
2016-Oct-05 22:56:33.759917 [RPC0]Index 1/7: idx 72506 (real 404117), unlocked 1, key <562ce1f572877f2971762a753ccf4c652933879b299be458dc88251ba955b1c1>
2016-Oct-05 22:56:33.759929 [RPC0]Index 5/7: idx 373325 (real 404117), unlocked 1, key <bac1dca04b19f1fe5f53f438c003020715ad2fe358980dff8e36babffb29745f>
2016-Oct-05 22:56:33.759951 [RPC0]Index 0/7: idx 56458 (real 404117), unlocked 1, key <e89dc8c2624f60fb1b81d1b1f64aa5538df07e50178c11faddecb98a6dcaed9d>
2016-Oct-05 22:56:33.760300 [RPC0]amount=0.900000000000, real_output=3, real_output_in_tx_index=2, indexes: 56458 72506 373325 404117 
2016-Oct-05 22:56:33.764843 [RPC0]Made a 461 kB tx, with 0.899000000000 available for fee (0.010000000000 needed)
2016-Oct-05 22:56:33.764883 [RPC0]We made a tx, adjusting fee and saving it
2016-Oct-05 22:56:34.548946 [RPC0]Using v2 rules
2016-Oct-05 22:56:34.549018 [RPC0]transfer: starting with fee 0.010000000000
2016-Oct-05 22:56:34.549045 [RPC0]transfer: adding 0.001000000000, for a total of 0.011000000000
2016-Oct-05 22:56:34.549070 [RPC0]wanted 0.011000000000, found 0.900000000000, fee 0.010000000000
2016-Oct-05 22:56:34.549093 [RPC0]fake_outputs_count: 3
2016-Oct-05 22:56:34.906355 [RPC0]base_requested_outputs_count: 7
2016-Oct-05 22:56:34.906407 [RPC0]405218 outputs of size 0.900000000000
2016-Oct-05 22:56:34.906439 [RPC0]asking for output 105169 for 0.900000000000
2016-Oct-05 22:56:34.906450 [RPC0]asking for output 131116 for 0.900000000000
2016-Oct-05 22:56:34.906459 [RPC0]asking for output 207254 for 0.900000000000
2016-Oct-05 22:56:34.906469 [RPC0]asking for output 335707 for 0.900000000000
2016-Oct-05 22:56:34.906479 [RPC0]asking for output 355669 for 0.900000000000
2016-Oct-05 22:56:34.906489 [RPC0]asking for output 360716 for 0.900000000000
2016-Oct-05 22:56:34.906498 [RPC0]asking for output 404117 for 0.900000000000
2016-Oct-05 22:56:35.240136 [RPC0]Looking for 4 outputs of size 0.900000000000
2016-Oct-05 22:56:35.240212 [RPC0]Index 4/7: idx 355669 (real 404117), unlocked 1, key <c6958a7bde346b17335bf132c1daf1fea731b56a3b394b5e38c1c47935e18083>
2016-Oct-05 22:56:35.240247 [RPC0]Index 1/7: idx 131116 (real 404117), unlocked 1, key <82dc4427e1280890da4fab8f2d4ac3b66670ec6a2838a051f77a8f5d62c9d813>
2016-Oct-05 22:56:35.240278 [RPC0]Index 5/7: idx 360716 (real 404117), unlocked 1, key <a38c19a6504f15dbcddb52a7d7856fbefda62f2729959484d763c8a9c9f80ea1>
2016-Oct-05 22:56:35.241117 [RPC0]amount=0.900000000000, real_output=3, real_output_in_tx_index=2, indexes: 131116 355669 360716 404117 
2016-Oct-05 22:56:35.248048 [RPC0]Made a final 1 kB tx, with 0.019000000000 fee  and 0.880000000000 change
2016-Oct-05 22:56:35.248069 [RPC0]Done creating 1 transactions, 0.019000000000 total fee, 0.880000000000 total change
2016-Oct-05 22:56:35.248080 [RPC0]  Transaction 1/1: 1 kB, sending 0.900000000000 in 1 outputs to 1 destination(s), including 0.019000000000 fee, 0.880000000000 change
2016-Oct-05 22:56:35.648382 [RPC0]transaction <284445c0dcf2611672a6ee4d344069846c24674aec0e3f258e4247ac2f299e03> generated ok and sent to daemon, key_images: [<f7bf60047d6797eaca61382add9f5176700095339973d59674994f3518d58683> ]
2016-Oct-05 22:56:35.648426 [RPC0]Setting SPENT at 0: ki <f7bf60047d6797eaca61382add9f5176700095339973d59674994f3518d58683>, amount 0.900000000000
2016-Oct-05 22:56:35.648441 [RPC0]Transaction successfully sent. <<284445c0dcf2611672a6ee4d344069846c24674aec0e3f258e4247ac2f299e03>>
Commission: 0.019000000000 (dust sent to dust addr: 0.000000000000)
Balance: 1.920000000000
Unlocked: 1.000000000000
Please, wait for confirmation for your balance to be unlocked.
2016-Oct-05 22:56:35.648480 [RPC0]/json_rpc[transfer_split] processed with 0/5471/0ms
2016-Oct-05 22:56:35.688674 [RPC0]HTTP [127.0.0.1] POST /json_rpc
2016-Oct-05 22:56:36.085578 [RPC0]/json_rpc[stop_wallet] processed with 0/397/0ms
2016-Oct-05 22:56:36.124220 [SRV_MAIN]net_service loop stopped.
2016-Oct-05 22:56:36.124249 [SRV_MAIN]Stopped wallet rpc server
2016-Oct-05 22:56:36.124265 [SRV_MAIN]Storing wallet...
2016-Oct-05 22:56:36.484274 [SRV_MAIN]Stored ok
