2016-Oct-01 13:37:05.549115 Monero 'Wolfram Warptangent' (v0.10.0.0-release)
2016-Oct-01 13:37:05.549165 Setting log level = 2
2016-Oct-01 13:37:05.549198 default_log: monero-wallet-cli.log
2016-Oct-01 13:37:05.549258 Logging at log level 2 to /home/athan/dev/moneybit/hmonero/monero-wallet-cli.log
2016-Oct-01 13:45:10.372622 Generated new wallet: 48aPXdzu2Qt1KVVuPUunjeVTm6zf6Vg3kf38VhSCunCzQjWBzH3rpJjSwDgnE8ocJWYGeEqhEoBWqeoVwbyYs3se6cGdjTx
2016-Oct-01 13:45:10.372714 **********************************************************************
Your wallet has been generated!
To start synchronizing with the daemon, use "refresh" command.
Use "help" command to see the list of available commands.
Always use "exit" command when closing monero-wallet-cli to save your
current session's state. Otherwise, you might need to synchronize 
your wallet again (your wallet keys are NOT at risk in any case).

2016-Oct-01 13:45:10.372743 
PLEASE NOTE: the following 25 words can be used to recover access to your wallet. Please write them down and store them somewhere safe and secure. Please do not store them in your email or on file storage services outside of your immediate control.

2016-Oct-01 13:45:10.372790 **********************************************************************
2016-Oct-01 13:45:10.995939 Starting refresh...
2016-Oct-01 13:45:12.234109 Skipped block by height: 1000
2016-Oct-01 13:45:12.234380 Skipped block by height: 2000
2016-Oct-01 13:45:12.234658 Skipped block by height: 3000
2016-Oct-01 13:45:12.234863 Skipped block by height: 4000
2016-Oct-01 13:45:12.235120 Skipped block by height: 5000
2016-Oct-01 13:45:12.235314 Skipped block by height: 6000
2016-Oct-01 13:45:12.235499 Skipped block by height: 7000
2016-Oct-01 13:45:12.235683 Skipped block by height: 8000
2016-Oct-01 13:45:12.236106 Skipped block by height: 9000
2016-Oct-01 13:45:13.055003 Skipped block by height: 10000
2016-Oct-01 13:45:13.055476 Skipped block by height: 11000
2016-Oct-01 13:45:13.055670 Skipped block by height: 12000
2016-Oct-01 13:45:13.055850 Skipped block by height: 13000
2016-Oct-01 13:45:13.056050 Skipped block by height: 14000
2016-Oct-01 13:45:13.056235 Skipped block by height: 15000
2016-Oct-01 13:45:13.056414 Skipped block by height: 16000
2016-Oct-01 13:45:13.057077 Skipped block by height: 17000
2016-Oct-01 13:45:13.057264 Skipped block by height: 18000
2016-Oct-01 13:45:13.057443 Skipped block by height: 19000
2016-Oct-01 13:45:13.604609 Skipped block by height: 20000
2016-Oct-01 13:45:13.605021 Skipped block by height: 21000
2016-Oct-01 13:45:13.605226 Skipped block by height: 22000
2016-Oct-01 13:45:13.605428 Skipped block by height: 23000
2016-Oct-01 13:45:13.605627 Skipped block by height: 24000
2016-Oct-01 13:45:13.605823 Skipped block by height: 25000
2016-Oct-01 13:45:13.606020 Skipped block by height: 26000
2016-Oct-01 13:45:13.606217 Skipped block by height: 27000
2016-Oct-01 13:45:13.606415 Skipped block by height: 28000
2016-Oct-01 13:45:13.606611 Skipped block by height: 29000
2016-Oct-01 13:45:14.417024 Skipped block by height: 30000
2016-Oct-01 13:45:14.417391 Skipped block by height: 31000
2016-Oct-01 13:45:14.417581 Skipped block by height: 32000
2016-Oct-01 13:45:14.418662 Skipped block by height: 33000
2016-Oct-01 13:45:14.418850 Skipped block by height: 34000
2016-Oct-01 13:45:14.419095 Skipped block by height: 35000
2016-Oct-01 13:45:14.419261 Skipped block by height: 36000
2016-Oct-01 13:45:14.419411 Skipped block by height: 37000
2016-Oct-01 13:45:14.419557 Skipped block by height: 38000
2016-Oct-01 13:45:14.419706 Skipped block by height: 39000
2016-Oct-01 13:45:15.019076 Skipped block by height: 40000
2016-Oct-01 13:45:15.019487 Skipped block by height: 41000
2016-Oct-01 13:45:15.019694 Skipped block by height: 42000
2016-Oct-01 13:45:15.019893 Skipped block by height: 43000
2016-Oct-01 13:45:15.020093 Skipped block by height: 44000
2016-Oct-01 13:45:15.020290 Skipped block by height: 45000
2016-Oct-01 13:45:15.020487 Skipped block by height: 46000
2016-Oct-01 13:45:15.020684 Skipped block by height: 47000
2016-Oct-01 13:45:15.020882 Skipped block by height: 48000
2016-Oct-01 13:45:15.021094 Skipped block by height: 49000
2016-Oct-01 13:45:15.697746 Skipped block by height: 50000
2016-Oct-01 13:45:15.698119 Skipped block by height: 51000
2016-Oct-01 13:45:15.698308 Skipped block by height: 52000
2016-Oct-01 13:45:15.698494 Skipped block by height: 53000
2016-Oct-01 13:45:15.698671 Skipped block by height: 54000
2016-Oct-01 13:45:15.698849 Skipped block by height: 55000
2016-Oct-01 13:45:15.699120 Skipped block by height: 56000
2016-Oct-01 13:45:15.699315 Skipped block by height: 57000
2016-Oct-01 13:45:15.699494 Skipped block by height: 58000
2016-Oct-01 13:45:15.699671 Skipped block by height: 59000
2016-Oct-01 13:45:16.541895 Skipped block by height: 60000
2016-Oct-01 13:45:16.542307 Skipped block by height: 61000
2016-Oct-01 13:45:16.542515 Skipped block by height: 62000
2016-Oct-01 13:45:16.542715 Skipped block by height: 63000
2016-Oct-01 13:45:16.542915 Skipped block by height: 64000
2016-Oct-01 13:45:16.543158 Skipped block by height: 65000
2016-Oct-01 13:45:16.544443 Skipped block by height: 66000
2016-Oct-01 13:45:16.544642 Skipped block by height: 67000
2016-Oct-01 13:45:16.544834 Skipped block by height: 68000
2016-Oct-01 13:45:16.545030 Skipped block by height: 69000
2016-Oct-01 13:45:17.302693 Skipped block by height: 70000
2016-Oct-01 13:45:17.303175 Skipped block by height: 71000
2016-Oct-01 13:45:17.303392 Skipped block by height: 72000
2016-Oct-01 13:45:17.303590 Skipped block by height: 73000
2016-Oct-01 13:45:17.303803 Skipped block by height: 74000
2016-Oct-01 13:45:17.303988 Skipped block by height: 75000
2016-Oct-01 13:45:17.304168 Skipped block by height: 76000
2016-Oct-01 13:45:17.304346 Skipped block by height: 77000
2016-Oct-01 13:45:17.304552 Skipped block by height: 78000
2016-Oct-01 13:45:17.304800 Skipped block by height: 79000
2016-Oct-01 13:45:18.505280 Skipped block by height: 80000
2016-Oct-01 13:45:18.505655 Skipped block by height: 81000
2016-Oct-01 13:45:18.505846 Skipped block by height: 82000
2016-Oct-01 13:45:18.506029 Skipped block by height: 83000
2016-Oct-01 13:45:18.506988 Skipped block by height: 84000
2016-Oct-01 13:45:18.507179 Skipped block by height: 85000
2016-Oct-01 13:45:18.507356 Skipped block by height: 86000
2016-Oct-01 13:45:18.507534 Skipped block by height: 87000
2016-Oct-01 13:45:18.507711 Skipped block by height: 88000
2016-Oct-01 13:45:18.507893 Skipped block by height: 89000
2016-Oct-01 13:45:19.596298 Skipped block by height: 90000
2016-Oct-01 13:45:19.596707 Skipped block by height: 91000
2016-Oct-01 13:45:19.596894 Skipped block by height: 92000
2016-Oct-01 13:45:19.597098 Skipped block by height: 93000
2016-Oct-01 13:45:19.597288 Skipped block by height: 94000
2016-Oct-01 13:45:19.597467 Skipped block by height: 95000
2016-Oct-01 13:45:19.597645 Skipped block by height: 96000
2016-Oct-01 13:45:19.597823 Skipped block by height: 97000
2016-Oct-01 13:45:19.598001 Skipped block by height: 98000
2016-Oct-01 13:45:19.598180 Skipped block by height: 99000
2016-Oct-01 13:45:20.303163 Skipped block by height: 100000
2016-Oct-01 13:45:20.303588 Skipped block by height: 101000
2016-Oct-01 13:45:20.303793 Skipped block by height: 102000
2016-Oct-01 13:45:20.303992 Skipped block by height: 103000
2016-Oct-01 13:45:20.304194 Skipped block by height: 104000
2016-Oct-01 13:45:20.304390 Skipped block by height: 105000
2016-Oct-01 13:45:20.304588 Skipped block by height: 106000
2016-Oct-01 13:45:20.304782 Skipped block by height: 107000
2016-Oct-01 13:45:20.304982 Skipped block by height: 108000
2016-Oct-01 13:45:20.305179 Skipped block by height: 109000
2016-Oct-01 13:45:20.868116 Skipped block by height: 110000
2016-Oct-01 13:45:20.868410 Skipped block by height: 111000
2016-Oct-01 13:45:20.868556 Skipped block by height: 112000
2016-Oct-01 13:45:20.868758 Skipped block by height: 113000
2016-Oct-01 13:45:20.868955 Skipped block by height: 114000
2016-Oct-01 13:45:20.869123 Skipped block by height: 115000
2016-Oct-01 13:45:20.869321 Skipped block by height: 116000
2016-Oct-01 13:45:20.869520 Skipped block by height: 117000
2016-Oct-01 13:45:20.869747 Skipped block by height: 118000
2016-Oct-01 13:45:20.869958 Skipped block by height: 119000
2016-Oct-01 13:45:21.401007 Skipped block by height: 120000
2016-Oct-01 13:45:21.401392 Skipped block by height: 121000
2016-Oct-01 13:45:21.401580 Skipped block by height: 122000
2016-Oct-01 13:45:21.401758 Skipped block by height: 123000
2016-Oct-01 13:45:21.401936 Skipped block by height: 124000
2016-Oct-01 13:45:21.402112 Skipped block by height: 125000
2016-Oct-01 13:45:21.402290 Skipped block by height: 126000
2016-Oct-01 13:45:21.402467 Skipped block by height: 127000
2016-Oct-01 13:45:21.402645 Skipped block by height: 128000
2016-Oct-01 13:45:21.402820 Skipped block by height: 129000
2016-Oct-01 13:45:22.001358 Skipped block by height: 130000
2016-Oct-01 13:45:22.001619 Skipped block by height: 131000
2016-Oct-01 13:45:22.003417 Skipped block by height: 132000
2016-Oct-01 13:45:22.003555 Skipped block by height: 133000
2016-Oct-01 13:45:22.003843 Skipped block by height: 134000
2016-Oct-01 13:45:22.003987 Skipped block by height: 135000
2016-Oct-01 13:45:22.004140 Skipped block by height: 136000
2016-Oct-01 13:45:22.004261 Skipped block by height: 137000
2016-Oct-01 13:45:22.004371 Skipped block by height: 138000
2016-Oct-01 13:45:22.004480 Skipped block by height: 139000
2016-Oct-01 13:45:22.764736 Skipped block by height: 140000
2016-Oct-01 13:45:22.765131 Skipped block by height: 141000
2016-Oct-01 13:45:22.765324 Skipped block by height: 142000
2016-Oct-01 13:45:22.765509 Skipped block by height: 143000
2016-Oct-01 13:45:22.765693 Skipped block by height: 144000
2016-Oct-01 13:45:22.765877 Skipped block by height: 145000
2016-Oct-01 13:45:22.766061 Skipped block by height: 146000
2016-Oct-01 13:45:22.766244 Skipped block by height: 147000
2016-Oct-01 13:45:22.766428 Skipped block by height: 148000
2016-Oct-01 13:45:22.766611 Skipped block by height: 149000
2016-Oct-01 13:45:23.543988 Skipped block by height: 150000
2016-Oct-01 13:45:23.544343 Skipped block by height: 151000
2016-Oct-01 13:45:23.544516 Skipped block by height: 152000
2016-Oct-01 13:45:23.544683 Skipped block by height: 153000
2016-Oct-01 13:45:23.544849 Skipped block by height: 154000
2016-Oct-01 13:45:23.545014 Skipped block by height: 155000
2016-Oct-01 13:45:23.545179 Skipped block by height: 156000
2016-Oct-01 13:45:23.545344 Skipped block by height: 157000
2016-Oct-01 13:45:23.545510 Skipped block by height: 158000
2016-Oct-01 13:45:23.545675 Skipped block by height: 159000
2016-Oct-01 13:45:24.291837 Skipped block by height: 160000
2016-Oct-01 13:45:24.292229 Skipped block by height: 161000
2016-Oct-01 13:45:24.292420 Skipped block by height: 162000
2016-Oct-01 13:45:24.292605 Skipped block by height: 163000
2016-Oct-01 13:45:24.292790 Skipped block by height: 164000
2016-Oct-01 13:45:24.292974 Skipped block by height: 165000
2016-Oct-01 13:45:24.293157 Skipped block by height: 166000
2016-Oct-01 13:45:24.293340 Skipped block by height: 167000
2016-Oct-01 13:45:24.293524 Skipped block by height: 168000
2016-Oct-01 13:45:24.293708 Skipped block by height: 169000
2016-Oct-01 13:45:25.116069 Skipped block by height: 170000
2016-Oct-01 13:45:25.116311 Skipped block by height: 171000
2016-Oct-01 13:45:25.116428 Skipped block by height: 172000
2016-Oct-01 13:45:25.116542 Skipped block by height: 173000
2016-Oct-01 13:45:25.116623 Skipped block by height: 174000
2016-Oct-01 13:45:25.116701 Skipped block by height: 175000
2016-Oct-01 13:45:25.116778 Skipped block by height: 176000
2016-Oct-01 13:45:25.116855 Skipped block by height: 177000
2016-Oct-01 13:45:25.116932 Skipped block by height: 178000
2016-Oct-01 13:45:25.117008 Skipped block by height: 179000
2016-Oct-01 13:45:25.834145 Skipped block by height: 180000
2016-Oct-01 13:45:25.834536 Skipped block by height: 181000
2016-Oct-01 13:45:25.834727 Skipped block by height: 182000
2016-Oct-01 13:45:25.834912 Skipped block by height: 183000
2016-Oct-01 13:45:25.835142 Skipped block by height: 184000
2016-Oct-01 13:45:25.835336 Skipped block by height: 185000
2016-Oct-01 13:45:25.835537 Skipped block by height: 186000
2016-Oct-01 13:45:25.835723 Skipped block by height: 187000
2016-Oct-01 13:45:25.835907 Skipped block by height: 188000
2016-Oct-01 13:45:25.836098 Skipped block by height: 189000
2016-Oct-01 13:45:26.614241 Skipped block by height: 190000
2016-Oct-01 13:45:26.614577 Skipped block by height: 191000
2016-Oct-01 13:45:26.614710 Skipped block by height: 192000
2016-Oct-01 13:45:26.614834 Skipped block by height: 193000
2016-Oct-01 13:45:26.614990 Skipped block by height: 194000
2016-Oct-01 13:45:26.615119 Skipped block by height: 195000
2016-Oct-01 13:45:26.615240 Skipped block by height: 196000
2016-Oct-01 13:45:26.615360 Skipped block by height: 197000
2016-Oct-01 13:45:26.615479 Skipped block by height: 198000
2016-Oct-01 13:45:26.615640 Skipped block by height: 199000
2016-Oct-01 13:45:27.227345 Skipped block by height: 200000
2016-Oct-01 13:45:27.227606 Skipped block by height: 201000
2016-Oct-01 13:45:27.227807 Skipped block by height: 202000
2016-Oct-01 13:45:27.228015 Skipped block by height: 203000
2016-Oct-01 13:45:27.228220 Skipped block by height: 204000
2016-Oct-01 13:45:27.228372 Skipped block by height: 205000
2016-Oct-01 13:45:27.228524 Skipped block by height: 206000
2016-Oct-01 13:45:27.228651 Skipped block by height: 207000
2016-Oct-01 13:45:27.228772 Skipped block by height: 208000
2016-Oct-01 13:45:27.228890 Skipped block by height: 209000
2016-Oct-01 13:45:27.953303 Skipped block by height: 210000
2016-Oct-01 13:45:27.953713 Skipped block by height: 211000
2016-Oct-01 13:45:27.953927 Skipped block by height: 212000
2016-Oct-01 13:45:27.954156 Skipped block by height: 213000
2016-Oct-01 13:45:27.954339 Skipped block by height: 214000
2016-Oct-01 13:45:27.954518 Skipped block by height: 215000
2016-Oct-01 13:45:27.954697 Skipped block by height: 216000
2016-Oct-01 13:45:27.954874 Skipped block by height: 217000
2016-Oct-01 13:45:27.955090 Skipped block by height: 218000
2016-Oct-01 13:45:27.955259 Skipped block by height: 219000
2016-Oct-01 13:45:28.837106 Skipped block by height: 220000
2016-Oct-01 13:45:28.837372 Skipped block by height: 221000
2016-Oct-01 13:45:28.837506 Skipped block by height: 222000
2016-Oct-01 13:45:28.837636 Skipped block by height: 223000
2016-Oct-01 13:45:28.837766 Skipped block by height: 224000
2016-Oct-01 13:45:28.837892 Skipped block by height: 225000
2016-Oct-01 13:45:28.838019 Skipped block by height: 226000
2016-Oct-01 13:45:28.838146 Skipped block by height: 227000
2016-Oct-01 13:45:28.838302 Skipped block by height: 228000
2016-Oct-01 13:45:28.838508 Skipped block by height: 229000
2016-Oct-01 13:45:29.487923 Skipped block by height: 230000
2016-Oct-01 13:45:29.488309 Skipped block by height: 231000
2016-Oct-01 13:45:29.488497 Skipped block by height: 232000
2016-Oct-01 13:45:29.488677 Skipped block by height: 233000
2016-Oct-01 13:45:29.488857 Skipped block by height: 234000
2016-Oct-01 13:45:29.489032 Skipped block by height: 235000
2016-Oct-01 13:45:29.489209 Skipped block by height: 236000
2016-Oct-01 13:45:29.489386 Skipped block by height: 237000
2016-Oct-01 13:45:29.489564 Skipped block by height: 238000
2016-Oct-01 13:45:29.489742 Skipped block by height: 239000
2016-Oct-01 13:45:30.080685 Skipped block by height: 240000
2016-Oct-01 13:45:30.080946 Skipped block by height: 241000
2016-Oct-01 13:45:30.081071 Skipped block by height: 242000
2016-Oct-01 13:45:30.081194 Skipped block by height: 243000
2016-Oct-01 13:45:30.081297 Skipped block by height: 244000
2016-Oct-01 13:45:30.081381 Skipped block by height: 245000
2016-Oct-01 13:45:30.081464 Skipped block by height: 246000
2016-Oct-01 13:45:30.081546 Skipped block by height: 247000
2016-Oct-01 13:45:30.081673 Skipped block by height: 248000
2016-Oct-01 13:45:30.081789 Skipped block by height: 249000
2016-Oct-01 13:45:30.604486 Skipped block by height: 250000
2016-Oct-01 13:45:30.604735 Skipped block by height: 251000
2016-Oct-01 13:45:30.604825 Skipped block by height: 252000
2016-Oct-01 13:45:30.604909 Skipped block by height: 253000
2016-Oct-01 13:45:30.605001 Skipped block by height: 254000
2016-Oct-01 13:45:30.605087 Skipped block by height: 255000
2016-Oct-01 13:45:30.605170 Skipped block by height: 256000
2016-Oct-01 13:45:30.605253 Skipped block by height: 257000
2016-Oct-01 13:45:30.605336 Skipped block by height: 258000
2016-Oct-01 13:45:30.605421 Skipped block by height: 259000
2016-Oct-01 13:45:31.372838 Skipped block by height: 260000
2016-Oct-01 13:45:31.373247 Skipped block by height: 261000
2016-Oct-01 13:45:31.373452 Skipped block by height: 262000
2016-Oct-01 13:45:31.377304 Skipped block by height: 263000
2016-Oct-01 13:45:31.377533 Skipped block by height: 264000
2016-Oct-01 13:45:31.377971 Skipped block by height: 265000
2016-Oct-01 13:45:31.378159 Skipped block by height: 266000
2016-Oct-01 13:45:31.378357 Skipped block by height: 267000
2016-Oct-01 13:45:31.378546 Skipped block by height: 268000
2016-Oct-01 13:45:31.378732 Skipped block by height: 269000
2016-Oct-01 13:45:32.061183 Skipped block by height: 270000
2016-Oct-01 13:45:32.061513 Skipped block by height: 271000
2016-Oct-01 13:45:32.061648 Skipped block by height: 272000
2016-Oct-01 13:45:32.061774 Skipped block by height: 273000
2016-Oct-01 13:45:32.061893 Skipped block by height: 274000
2016-Oct-01 13:45:32.061989 Skipped block by height: 275000
2016-Oct-01 13:45:32.062125 Skipped block by height: 276000
2016-Oct-01 13:45:32.062322 Skipped block by height: 277000
2016-Oct-01 13:45:32.062497 Skipped block by height: 278000
2016-Oct-01 13:45:32.062663 Skipped block by height: 279000
2016-Oct-01 13:45:32.642684 Skipped block by height: 280000
2016-Oct-01 13:45:32.643061 Skipped block by height: 281000
2016-Oct-01 13:45:32.643254 Skipped block by height: 282000
2016-Oct-01 13:45:32.643506 Skipped block by height: 283000
2016-Oct-01 13:45:32.643698 Skipped block by height: 284000
2016-Oct-01 13:45:32.643880 Skipped block by height: 285000
2016-Oct-01 13:45:32.644066 Skipped block by height: 286000
2016-Oct-01 13:45:32.644255 Skipped block by height: 287000
2016-Oct-01 13:45:32.644438 Skipped block by height: 288000
2016-Oct-01 13:45:32.644620 Skipped block by height: 289000
2016-Oct-01 13:45:33.399516 Skipped block by height: 290000
2016-Oct-01 13:45:33.399775 Skipped block by height: 291000
2016-Oct-01 13:45:33.401012 Skipped block by height: 292000
2016-Oct-01 13:45:33.401138 Skipped block by height: 293000
2016-Oct-01 13:45:33.401259 Skipped block by height: 294000
2016-Oct-01 13:45:33.401379 Skipped block by height: 295000
2016-Oct-01 13:45:33.401499 Skipped block by height: 296000
2016-Oct-01 13:45:33.401619 Skipped block by height: 297000
2016-Oct-01 13:45:33.401739 Skipped block by height: 298000
2016-Oct-01 13:45:33.401859 Skipped block by height: 299000
2016-Oct-01 13:45:34.006242 Skipped block by height: 300000
2016-Oct-01 13:45:34.006526 Skipped block by height: 301000
2016-Oct-01 13:45:34.006660 Skipped block by height: 302000
2016-Oct-01 13:45:34.006856 Skipped block by height: 303000
2016-Oct-01 13:45:34.007027 Skipped block by height: 304000
2016-Oct-01 13:45:34.007162 Skipped block by height: 305000
2016-Oct-01 13:45:34.007290 Skipped block by height: 306000
2016-Oct-01 13:45:34.007418 Skipped block by height: 307000
2016-Oct-01 13:45:34.007547 Skipped block by height: 308000
2016-Oct-01 13:45:34.007788 Skipped block by height: 309000
2016-Oct-01 13:45:34.572628 Skipped block by height: 310000
2016-Oct-01 13:45:34.572959 Skipped block by height: 311000
2016-Oct-01 13:45:34.573119 Skipped block by height: 312000
2016-Oct-01 13:45:34.573265 Skipped block by height: 313000
2016-Oct-01 13:45:34.573403 Skipped block by height: 314000
2016-Oct-01 13:45:34.573542 Skipped block by height: 315000
2016-Oct-01 13:45:34.573680 Skipped block by height: 316000
2016-Oct-01 13:45:34.573818 Skipped block by height: 317000
2016-Oct-01 13:45:34.573957 Skipped block by height: 318000
2016-Oct-01 13:45:34.574095 Skipped block by height: 319000
2016-Oct-01 13:45:35.243049 Skipped block by height: 320000
2016-Oct-01 13:45:35.243547 Skipped block by height: 321000
2016-Oct-01 13:45:35.243831 Skipped block by height: 322000
2016-Oct-01 13:45:35.244135 Skipped block by height: 323000
2016-Oct-01 13:45:35.244407 Skipped block by height: 324000
2016-Oct-01 13:45:35.244673 Skipped block by height: 325000
2016-Oct-01 13:45:35.244952 Skipped block by height: 326000
2016-Oct-01 13:45:35.245219 Skipped block by height: 327000
2016-Oct-01 13:45:35.245500 Skipped block by height: 328000
2016-Oct-01 13:45:35.245761 Skipped block by height: 329000
2016-Oct-01 13:45:35.803084 Skipped block by height: 330000
2016-Oct-01 13:45:35.803822 Skipped block by height: 331000
2016-Oct-01 13:45:35.804104 Skipped block by height: 332000
2016-Oct-01 13:45:35.804330 Skipped block by height: 333000
2016-Oct-01 13:45:35.804522 Skipped block by height: 334000
2016-Oct-01 13:45:35.804705 Skipped block by height: 335000
2016-Oct-01 13:45:35.804888 Skipped block by height: 336000
2016-Oct-01 13:45:35.805071 Skipped block by height: 337000
2016-Oct-01 13:45:35.805258 Skipped block by height: 338000
2016-Oct-01 13:45:35.805443 Skipped block by height: 339000
2016-Oct-01 13:45:36.354676 Skipped block by height: 340000
2016-Oct-01 13:45:36.354986 Skipped block by height: 341000
2016-Oct-01 13:45:36.355109 Skipped block by height: 342000
2016-Oct-01 13:45:36.355201 Skipped block by height: 343000
2016-Oct-01 13:45:36.355279 Skipped block by height: 344000
2016-Oct-01 13:45:36.355356 Skipped block by height: 345000
2016-Oct-01 13:45:36.355433 Skipped block by height: 346000
2016-Oct-01 13:45:36.355509 Skipped block by height: 347000
2016-Oct-01 13:45:36.355586 Skipped block by height: 348000
2016-Oct-01 13:45:36.355663 Skipped block by height: 349000
2016-Oct-01 13:45:37.044523 Skipped block by height: 350000
2016-Oct-01 13:45:37.044788 Skipped block by height: 351000
2016-Oct-01 13:45:37.044918 Skipped block by height: 352000
2016-Oct-01 13:45:37.045025 Skipped block by height: 353000
2016-Oct-01 13:45:37.045103 Skipped block by height: 354000
2016-Oct-01 13:45:37.045180 Skipped block by height: 355000
2016-Oct-01 13:45:37.045258 Skipped block by height: 356000
2016-Oct-01 13:45:37.045335 Skipped block by height: 357000
2016-Oct-01 13:45:37.045412 Skipped block by height: 358000
2016-Oct-01 13:45:37.045527 Skipped block by height: 359000
2016-Oct-01 13:45:37.628774 Skipped block by height: 360000
2016-Oct-01 13:45:37.629039 Skipped block by height: 361000
2016-Oct-01 13:45:37.629168 Skipped block by height: 362000
2016-Oct-01 13:45:37.629270 Skipped block by height: 363000
2016-Oct-01 13:45:37.629387 Skipped block by height: 364000
2016-Oct-01 13:45:37.629473 Skipped block by height: 365000
2016-Oct-01 13:45:37.629552 Skipped block by height: 366000
2016-Oct-01 13:45:37.629629 Skipped block by height: 367000
2016-Oct-01 13:45:37.629706 Skipped block by height: 368000
2016-Oct-01 13:45:37.629782 Skipped block by height: 369000
2016-Oct-01 13:45:38.267745 Skipped block by height: 370000
2016-Oct-01 13:45:38.268003 Skipped block by height: 371000
2016-Oct-01 13:45:38.268147 Skipped block by height: 372000
2016-Oct-01 13:45:38.268270 Skipped block by height: 373000
2016-Oct-01 13:45:38.268383 Skipped block by height: 374000
2016-Oct-01 13:45:38.268494 Skipped block by height: 375000
2016-Oct-01 13:45:38.268606 Skipped block by height: 376000
2016-Oct-01 13:45:38.268717 Skipped block by height: 377000
2016-Oct-01 13:45:38.268828 Skipped block by height: 378000
2016-Oct-01 13:45:38.268939 Skipped block by height: 379000
2016-Oct-01 13:45:38.743066 Skipped block by height: 380000
2016-Oct-01 13:45:38.743444 Skipped block by height: 381000
2016-Oct-01 13:45:38.743636 Skipped block by height: 382000
2016-Oct-01 13:45:38.743821 Skipped block by height: 383000
2016-Oct-01 13:45:38.744006 Skipped block by height: 384000
2016-Oct-01 13:45:38.744190 Skipped block by height: 385000
2016-Oct-01 13:45:38.744380 Skipped block by height: 386000
2016-Oct-01 13:45:38.744569 Skipped block by height: 387000
2016-Oct-01 13:45:38.744814 Skipped block by height: 388000
2016-Oct-01 13:45:38.745001 Skipped block by height: 389000
2016-Oct-01 13:45:39.481171 Skipped block by height: 390000
2016-Oct-01 13:45:39.481600 Skipped block by height: 391000
2016-Oct-01 13:45:39.481781 Skipped block by height: 392000
2016-Oct-01 13:45:39.482015 Skipped block by height: 393000
2016-Oct-01 13:45:39.482136 Skipped block by height: 394000
2016-Oct-01 13:45:39.482248 Skipped block by height: 395000
2016-Oct-01 13:45:39.482586 Skipped block by height: 396000
2016-Oct-01 13:45:39.482660 Skipped block by height: 397000
2016-Oct-01 13:45:39.482731 Skipped block by height: 398000
2016-Oct-01 13:45:39.482801 Skipped block by height: 399000
2016-Oct-01 13:45:40.051752 Skipped block by height: 400000
2016-Oct-01 13:45:40.052004 Skipped block by height: 401000
2016-Oct-01 13:45:40.052136 Skipped block by height: 402000
2016-Oct-01 13:45:40.052245 Skipped block by height: 403000
2016-Oct-01 13:45:40.052324 Skipped block by height: 404000
2016-Oct-01 13:45:40.052403 Skipped block by height: 405000
2016-Oct-01 13:45:40.052481 Skipped block by height: 406000
2016-Oct-01 13:45:40.052559 Skipped block by height: 407000
2016-Oct-01 13:45:40.052637 Skipped block by height: 408000
2016-Oct-01 13:45:40.052757 Skipped block by height: 409000
2016-Oct-01 13:45:40.678218 Skipped block by height: 410000
2016-Oct-01 13:45:40.678610 Skipped block by height: 411000
2016-Oct-01 13:45:40.678826 Skipped block by height: 412000
2016-Oct-01 13:45:40.679114 Skipped block by height: 413000
2016-Oct-01 13:45:40.679390 Skipped block by height: 414000
2016-Oct-01 13:45:40.679644 Skipped block by height: 415000
2016-Oct-01 13:45:40.679892 Skipped block by height: 416000
2016-Oct-01 13:45:40.680178 Skipped block by height: 417000
2016-Oct-01 13:45:40.680450 Skipped block by height: 418000
2016-Oct-01 13:45:40.680724 Skipped block by height: 419000
2016-Oct-01 13:45:41.341291 Skipped block by height: 420000
2016-Oct-01 13:45:41.341535 Skipped block by height: 421000
2016-Oct-01 13:45:41.341650 Skipped block by height: 422000
2016-Oct-01 13:45:41.341765 Skipped block by height: 423000
2016-Oct-01 13:45:41.341877 Skipped block by height: 424000
2016-Oct-01 13:45:41.341985 Skipped block by height: 425000
2016-Oct-01 13:45:41.342063 Skipped block by height: 426000
2016-Oct-01 13:45:41.342140 Skipped block by height: 427000
2016-Oct-01 13:45:41.342217 Skipped block by height: 428000
2016-Oct-01 13:45:41.342294 Skipped block by height: 429000
2016-Oct-01 13:45:41.957759 Skipped block by height: 430000
2016-Oct-01 13:45:41.958043 Skipped block by height: 431000
2016-Oct-01 13:45:41.958180 Skipped block by height: 432000
2016-Oct-01 13:45:41.958298 Skipped block by height: 433000
2016-Oct-01 13:45:41.958410 Skipped block by height: 434000
2016-Oct-01 13:45:41.958521 Skipped block by height: 435000
2016-Oct-01 13:45:41.958633 Skipped block by height: 436000
2016-Oct-01 13:45:41.958744 Skipped block by height: 437000
2016-Oct-01 13:45:41.958855 Skipped block by height: 438000
2016-Oct-01 13:45:41.958992 Skipped block by height: 439000
2016-Oct-01 13:45:42.920082 Skipped block by height: 440000
2016-Oct-01 13:45:42.920230 Skipped block by height: 441000
2016-Oct-01 13:45:42.920347 Skipped block by height: 442000
2016-Oct-01 13:45:42.920462 Skipped block by height: 443000
2016-Oct-01 13:45:42.920543 Skipped block by height: 444000
2016-Oct-01 13:45:42.920622 Skipped block by height: 445000
2016-Oct-01 13:45:42.920728 Skipped block by height: 446000
2016-Oct-01 13:45:42.920841 Skipped block by height: 447000
2016-Oct-01 13:45:42.920954 Skipped block by height: 448000
2016-Oct-01 13:45:42.921067 Skipped block by height: 449000
2016-Oct-01 13:45:43.534717 Skipped block by height: 450000
2016-Oct-01 13:45:43.535151 Skipped block by height: 451000
2016-Oct-01 13:45:43.535350 Skipped block by height: 452000
2016-Oct-01 13:45:43.535586 Skipped block by height: 453000
2016-Oct-01 13:45:43.535777 Skipped block by height: 454000
2016-Oct-01 13:45:43.535963 Skipped block by height: 455000
2016-Oct-01 13:45:43.536148 Skipped block by height: 456000
2016-Oct-01 13:45:43.536334 Skipped block by height: 457000
2016-Oct-01 13:45:43.536525 Skipped block by height: 458000
2016-Oct-01 13:45:43.536726 Skipped block by height: 459000
2016-Oct-01 13:45:44.524868 Skipped block by height: 460000
2016-Oct-01 13:45:44.525280 Skipped block by height: 461000
2016-Oct-01 13:45:44.525534 Skipped block by height: 462000
2016-Oct-01 13:45:44.525692 Skipped block by height: 463000
2016-Oct-01 13:45:44.525892 Skipped block by height: 464000
2016-Oct-01 13:45:44.526093 Skipped block by height: 465000
2016-Oct-01 13:45:44.526289 Skipped block by height: 466000
2016-Oct-01 13:45:44.526486 Skipped block by height: 467000
2016-Oct-01 13:45:44.526682 Skipped block by height: 468000
2016-Oct-01 13:45:44.526883 Skipped block by height: 469000
2016-Oct-01 13:45:45.621555 Skipped block by height: 470000
2016-Oct-01 13:45:45.621808 Skipped block by height: 471000
2016-Oct-01 13:45:45.621936 Skipped block by height: 472000
2016-Oct-01 13:45:45.622060 Skipped block by height: 473000
2016-Oct-01 13:45:45.622168 Skipped block by height: 474000
2016-Oct-01 13:45:45.622252 Skipped block by height: 475000
2016-Oct-01 13:45:45.622335 Skipped block by height: 476000
2016-Oct-01 13:45:45.622419 Skipped block by height: 477000
2016-Oct-01 13:45:45.622502 Skipped block by height: 478000
2016-Oct-01 13:45:45.622586 Skipped block by height: 479000
2016-Oct-01 13:45:46.425620 Skipped block by height: 480000
2016-Oct-01 13:45:46.426155 Skipped block by height: 481000
2016-Oct-01 13:45:46.426530 Skipped block by height: 482000
2016-Oct-01 13:45:46.426828 Skipped block by height: 483000
2016-Oct-01 13:45:46.427163 Skipped block by height: 484000
2016-Oct-01 13:45:46.427465 Skipped block by height: 485000
2016-Oct-01 13:45:46.427781 Skipped block by height: 486000
2016-Oct-01 13:45:46.428068 Skipped block by height: 487000
2016-Oct-01 13:45:46.428353 Skipped block by height: 488000
2016-Oct-01 13:45:46.428649 Skipped block by height: 489000
2016-Oct-01 13:45:47.119239 Skipped block by height: 490000
2016-Oct-01 13:45:47.119637 Skipped block by height: 491000
2016-Oct-01 13:45:47.119823 Skipped block by height: 492000
2016-Oct-01 13:45:47.120005 Skipped block by height: 493000
2016-Oct-01 13:45:47.120184 Skipped block by height: 494000
2016-Oct-01 13:45:47.120362 Skipped block by height: 495000
2016-Oct-01 13:45:47.120542 Skipped block by height: 496000
2016-Oct-01 13:45:47.120718 Skipped block by height: 497000
2016-Oct-01 13:45:47.120897 Skipped block by height: 498000
2016-Oct-01 13:45:47.121074 Skipped block by height: 499000
2016-Oct-01 13:45:47.982661 Skipped block by height: 500000
2016-Oct-01 13:45:47.983077 Skipped block by height: 501000
2016-Oct-01 13:45:47.983209 Skipped block by height: 502000
2016-Oct-01 13:45:47.983331 Skipped block by height: 503000
2016-Oct-01 13:45:47.983434 Skipped block by height: 504000
2016-Oct-01 13:45:47.983521 Skipped block by height: 505000
2016-Oct-01 13:45:47.983604 Skipped block by height: 506000
2016-Oct-01 13:45:47.983687 Skipped block by height: 507000
2016-Oct-01 13:45:47.983770 Skipped block by height: 508000
2016-Oct-01 13:45:47.983855 Skipped block by height: 509000
2016-Oct-01 13:45:48.766626 Skipped block by height: 510000
2016-Oct-01 13:45:48.767078 Skipped block by height: 511000
2016-Oct-01 13:45:48.767293 Skipped block by height: 512000
2016-Oct-01 13:45:48.767492 Skipped block by height: 513000
2016-Oct-01 13:45:48.767692 Skipped block by height: 514000
2016-Oct-01 13:45:48.767893 Skipped block by height: 515000
2016-Oct-01 13:45:48.768090 Skipped block by height: 516000
2016-Oct-01 13:45:48.768287 Skipped block by height: 517000
2016-Oct-01 13:45:48.768481 Skipped block by height: 518000
2016-Oct-01 13:45:48.768682 Skipped block by height: 519000
2016-Oct-01 13:45:50.147324 Skipped block by height: 520000
2016-Oct-01 13:45:50.147617 Skipped block by height: 521000
2016-Oct-01 13:45:50.147812 Skipped block by height: 522000
2016-Oct-01 13:45:50.147938 Skipped block by height: 523000
2016-Oct-01 13:45:50.148054 Skipped block by height: 524000
2016-Oct-01 13:45:50.153788 Skipped block by height: 525000
2016-Oct-01 13:45:50.153904 Skipped block by height: 526000
2016-Oct-01 13:45:50.154241 Skipped block by height: 527000
2016-Oct-01 13:45:50.154321 Skipped block by height: 528000
2016-Oct-01 13:45:50.154399 Skipped block by height: 529000
2016-Oct-01 13:45:51.347460 Skipped block by height: 530000
2016-Oct-01 13:45:51.347766 Skipped block by height: 531000
2016-Oct-01 13:45:51.347923 Skipped block by height: 532000
2016-Oct-01 13:45:51.348094 Skipped block by height: 533000
2016-Oct-01 13:45:51.348261 Skipped block by height: 534000
2016-Oct-01 13:45:51.348426 Skipped block by height: 535000
2016-Oct-01 13:45:51.348591 Skipped block by height: 536000
2016-Oct-01 13:45:51.348757 Skipped block by height: 537000
2016-Oct-01 13:45:51.348923 Skipped block by height: 538000
2016-Oct-01 13:45:51.349088 Skipped block by height: 539000
2016-Oct-01 13:45:52.259606 Skipped block by height: 540000
2016-Oct-01 13:45:52.259853 Skipped block by height: 541000
2016-Oct-01 13:45:52.259970 Skipped block by height: 542000
2016-Oct-01 13:45:52.260075 Skipped block by height: 543000
2016-Oct-01 13:45:52.260154 Skipped block by height: 544000
2016-Oct-01 13:45:52.260231 Skipped block by height: 545000
2016-Oct-01 13:45:52.260307 Skipped block by height: 546000
2016-Oct-01 13:45:52.260384 Skipped block by height: 547000
2016-Oct-01 13:45:52.260462 Skipped block by height: 548000
2016-Oct-01 13:45:52.260538 Skipped block by height: 549000
2016-Oct-01 13:45:52.993997 Skipped block by height: 550000
2016-Oct-01 13:45:52.994244 Skipped block by height: 551000
2016-Oct-01 13:45:52.994705 Skipped block by height: 552000
2016-Oct-01 13:45:52.994829 Skipped block by height: 553000
2016-Oct-01 13:45:52.994964 Skipped block by height: 554000
2016-Oct-01 13:45:52.995076 Skipped block by height: 555000
2016-Oct-01 13:45:52.995174 Skipped block by height: 556000
2016-Oct-01 13:45:52.995367 Skipped block by height: 557000
2016-Oct-01 13:45:52.995567 Skipped block by height: 558000
2016-Oct-01 13:45:52.995752 Skipped block by height: 559000
2016-Oct-01 13:45:54.011201 Skipped block by height: 560000
2016-Oct-01 13:45:54.011481 Skipped block by height: 561000
2016-Oct-01 13:45:54.011615 Skipped block by height: 562000
2016-Oct-01 13:45:54.011771 Skipped block by height: 563000
2016-Oct-01 13:45:54.011903 Skipped block by height: 564000
2016-Oct-01 13:45:54.012032 Skipped block by height: 565000
2016-Oct-01 13:45:54.012161 Skipped block by height: 566000
2016-Oct-01 13:45:54.012289 Skipped block by height: 567000
2016-Oct-01 13:45:54.012417 Skipped block by height: 568000
2016-Oct-01 13:45:54.012546 Skipped block by height: 569000
2016-Oct-01 13:45:54.798502 Skipped block by height: 570000
2016-Oct-01 13:45:54.798770 Skipped block by height: 571000
2016-Oct-01 13:45:54.799114 Skipped block by height: 572000
2016-Oct-01 13:45:54.799238 Skipped block by height: 573000
2016-Oct-01 13:45:54.799337 Skipped block by height: 574000
2016-Oct-01 13:45:54.799415 Skipped block by height: 575000
2016-Oct-01 13:45:54.799492 Skipped block by height: 576000
2016-Oct-01 13:45:54.799569 Skipped block by height: 577000
2016-Oct-01 13:45:54.799646 Skipped block by height: 578000
2016-Oct-01 13:45:54.799723 Skipped block by height: 579000
2016-Oct-01 13:45:55.428815 Skipped block by height: 580000
2016-Oct-01 13:45:55.429216 Skipped block by height: 581000
2016-Oct-01 13:45:55.429413 Skipped block by height: 582000
2016-Oct-01 13:45:55.429592 Skipped block by height: 583000
2016-Oct-01 13:45:55.429760 Skipped block by height: 584000
2016-Oct-01 13:45:55.429926 Skipped block by height: 585000
2016-Oct-01 13:45:55.430093 Skipped block by height: 586000
2016-Oct-01 13:45:55.430266 Skipped block by height: 587000
2016-Oct-01 13:45:55.430479 Skipped block by height: 588000
2016-Oct-01 13:45:55.430672 Skipped block by height: 589000
2016-Oct-01 13:45:56.707474 Skipped block by height: 590000
2016-Oct-01 13:45:56.707787 Skipped block by height: 591000
2016-Oct-01 13:45:56.707960 Skipped block by height: 592000
2016-Oct-01 13:45:56.708351 Skipped block by height: 593000
2016-Oct-01 13:45:56.708479 Skipped block by height: 594000
2016-Oct-01 13:45:56.708614 Skipped block by height: 595000
2016-Oct-01 13:45:56.708741 Skipped block by height: 596000
2016-Oct-01 13:45:56.708858 Skipped block by height: 597000
2016-Oct-01 13:45:56.708974 Skipped block by height: 598000
2016-Oct-01 13:45:56.709090 Skipped block by height: 599000
2016-Oct-01 13:45:57.904423 Skipped block by height: 600000
2016-Oct-01 13:45:57.904815 Skipped block by height: 601000
2016-Oct-01 13:45:57.905061 Skipped block by height: 602000
2016-Oct-01 13:45:57.905262 Skipped block by height: 603000
2016-Oct-01 13:45:57.905449 Skipped block by height: 604000
2016-Oct-01 13:45:57.905632 Skipped block by height: 605000
2016-Oct-01 13:45:57.905816 Skipped block by height: 606000
2016-Oct-01 13:45:57.906000 Skipped block by height: 607000
2016-Oct-01 13:45:57.906184 Skipped block by height: 608000
2016-Oct-01 13:45:57.906367 Skipped block by height: 609000
2016-Oct-01 13:45:59.071565 Skipped block by height: 610000
2016-Oct-01 13:45:59.071960 Skipped block by height: 611000
2016-Oct-01 13:45:59.072151 Skipped block by height: 612000
2016-Oct-01 13:45:59.072339 Skipped block by height: 613000
2016-Oct-01 13:45:59.072524 Skipped block by height: 614000
2016-Oct-01 13:45:59.072708 Skipped block by height: 615000
2016-Oct-01 13:45:59.072892 Skipped block by height: 616000
2016-Oct-01 13:45:59.073076 Skipped block by height: 617000
2016-Oct-01 13:45:59.073259 Skipped block by height: 618000
2016-Oct-01 13:45:59.073443 Skipped block by height: 619000
2016-Oct-01 13:45:59.997993 Skipped block by height: 620000
2016-Oct-01 13:45:59.998385 Skipped block by height: 621000
2016-Oct-01 13:45:59.998577 Skipped block by height: 622000
2016-Oct-01 13:45:59.998764 Skipped block by height: 623000
2016-Oct-01 13:45:59.998949 Skipped block by height: 624000
2016-Oct-01 13:45:59.999177 Skipped block by height: 625000
2016-Oct-01 13:45:59.999365 Skipped block by height: 626000
2016-Oct-01 13:45:59.999549 Skipped block by height: 627000
2016-Oct-01 13:45:59.999733 Skipped block by height: 628000
2016-Oct-01 13:45:59.999916 Skipped block by height: 629000
2016-Oct-01 13:46:00.643113 Skipped block by height: 630000
2016-Oct-01 13:46:00.643470 Skipped block by height: 631000
2016-Oct-01 13:46:00.643642 Skipped block by height: 632000
2016-Oct-01 13:46:00.643810 Skipped block by height: 633000
2016-Oct-01 13:46:00.643976 Skipped block by height: 634000
2016-Oct-01 13:46:00.644141 Skipped block by height: 635000
2016-Oct-01 13:46:00.644307 Skipped block by height: 636000
2016-Oct-01 13:46:00.644472 Skipped block by height: 637000
2016-Oct-01 13:46:00.644638 Skipped block by height: 638000
2016-Oct-01 13:46:00.644803 Skipped block by height: 639000
2016-Oct-01 13:46:01.343153 Skipped block by height: 640000
2016-Oct-01 13:46:01.343530 Skipped block by height: 641000
2016-Oct-01 13:46:01.343702 Skipped block by height: 642000
2016-Oct-01 13:46:01.343870 Skipped block by height: 643000
2016-Oct-01 13:46:01.344106 Skipped block by height: 644000
2016-Oct-01 13:46:01.344285 Skipped block by height: 645000
2016-Oct-01 13:46:01.344452 Skipped block by height: 646000
2016-Oct-01 13:46:01.344618 Skipped block by height: 647000
2016-Oct-01 13:46:01.344784 Skipped block by height: 648000
2016-Oct-01 13:46:01.344949 Skipped block by height: 649000
2016-Oct-01 13:46:02.028795 Skipped block by height: 650000
2016-Oct-01 13:46:02.029212 Skipped block by height: 651000
2016-Oct-01 13:46:02.029426 Skipped block by height: 652000
2016-Oct-01 13:46:02.029618 Skipped block by height: 653000
2016-Oct-01 13:46:02.029804 Skipped block by height: 654000
2016-Oct-01 13:46:02.029988 Skipped block by height: 655000
2016-Oct-01 13:46:02.030172 Skipped block by height: 656000
2016-Oct-01 13:46:02.030356 Skipped block by height: 657000
2016-Oct-01 13:46:02.030838 Skipped block by height: 658000
2016-Oct-01 13:46:02.031062 Skipped block by height: 659000
2016-Oct-01 13:46:02.717001 Skipped block by height: 660000
2016-Oct-01 13:46:02.717356 Skipped block by height: 661000
2016-Oct-01 13:46:02.717529 Skipped block by height: 662000
2016-Oct-01 13:46:02.717698 Skipped block by height: 663000
2016-Oct-01 13:46:02.717880 Skipped block by height: 664000
2016-Oct-01 13:46:02.718048 Skipped block by height: 665000
2016-Oct-01 13:46:02.718214 Skipped block by height: 666000
2016-Oct-01 13:46:02.718380 Skipped block by height: 667000
2016-Oct-01 13:46:02.718546 Skipped block by height: 668000
2016-Oct-01 13:46:02.718711 Skipped block by height: 669000
2016-Oct-01 13:46:03.412674 Skipped block by height: 670000
2016-Oct-01 13:46:03.413166 Skipped block by height: 671000
2016-Oct-01 13:46:03.413349 Skipped block by height: 672000
2016-Oct-01 13:46:03.413519 Skipped block by height: 673000
2016-Oct-01 13:46:03.413686 Skipped block by height: 674000
2016-Oct-01 13:46:03.413851 Skipped block by height: 675000
2016-Oct-01 13:46:03.414017 Skipped block by height: 676000
2016-Oct-01 13:46:03.414182 Skipped block by height: 677000
2016-Oct-01 13:46:03.414348 Skipped block by height: 678000
2016-Oct-01 13:46:03.414513 Skipped block by height: 679000
2016-Oct-01 13:46:04.476699 Skipped block by height: 680000
2016-Oct-01 13:46:04.476977 Skipped block by height: 681000
2016-Oct-01 13:46:04.477112 Skipped block by height: 682000
2016-Oct-01 13:46:04.477209 Skipped block by height: 683000
2016-Oct-01 13:46:04.477291 Skipped block by height: 684000
2016-Oct-01 13:46:04.477369 Skipped block by height: 685000
2016-Oct-01 13:46:04.477446 Skipped block by height: 686000
2016-Oct-01 13:46:04.477523 Skipped block by height: 687000
2016-Oct-01 13:46:04.477601 Skipped block by height: 688000
2016-Oct-01 13:46:04.477707 Skipped block by height: 689000
2016-Oct-01 13:46:05.343496 Skipped block by height: 690000
2016-Oct-01 13:46:05.343889 Skipped block by height: 691000
2016-Oct-01 13:46:05.344081 Skipped block by height: 692000
2016-Oct-01 13:46:05.344268 Skipped block by height: 693000
2016-Oct-01 13:46:05.344453 Skipped block by height: 694000
2016-Oct-01 13:46:05.344638 Skipped block by height: 695000
2016-Oct-01 13:46:05.344822 Skipped block by height: 696000
2016-Oct-01 13:46:05.345006 Skipped block by height: 697000
2016-Oct-01 13:46:05.345190 Skipped block by height: 698000
2016-Oct-01 13:46:05.345373 Skipped block by height: 699000
2016-Oct-01 13:46:06.266837 Skipped block by height: 700000
2016-Oct-01 13:46:06.267273 Skipped block by height: 701000
2016-Oct-01 13:46:06.267467 Skipped block by height: 702000
2016-Oct-01 13:46:06.267655 Skipped block by height: 703000
2016-Oct-01 13:46:06.267840 Skipped block by height: 704000
2016-Oct-01 13:46:06.268023 Skipped block by height: 705000
2016-Oct-01 13:46:06.268207 Skipped block by height: 706000
2016-Oct-01 13:46:06.268391 Skipped block by height: 707000
2016-Oct-01 13:46:06.268575 Skipped block by height: 708000
2016-Oct-01 13:46:06.268759 Skipped block by height: 709000
2016-Oct-01 13:46:06.835834 Skipped block by height: 710000
2016-Oct-01 13:46:06.836132 Skipped block by height: 711000
2016-Oct-01 13:46:06.836277 Skipped block by height: 712000
2016-Oct-01 13:46:06.836417 Skipped block by height: 713000
2016-Oct-01 13:46:06.836555 Skipped block by height: 714000
2016-Oct-01 13:46:06.836694 Skipped block by height: 715000
2016-Oct-01 13:46:06.836833 Skipped block by height: 716000
2016-Oct-01 13:46:06.836970 Skipped block by height: 717000
2016-Oct-01 13:46:06.837109 Skipped block by height: 718000
2016-Oct-01 13:46:06.837248 Skipped block by height: 719000
2016-Oct-01 13:46:07.532700 Skipped block by height: 720000
2016-Oct-01 13:46:07.533092 Skipped block by height: 721000
2016-Oct-01 13:46:07.533285 Skipped block by height: 722000
2016-Oct-01 13:46:07.533473 Skipped block by height: 723000
2016-Oct-01 13:46:07.533951 Skipped block by height: 724000
2016-Oct-01 13:46:07.534139 Skipped block by height: 725000
2016-Oct-01 13:46:07.534323 Skipped block by height: 726000
2016-Oct-01 13:46:07.534505 Skipped block by height: 727000
2016-Oct-01 13:46:07.534688 Skipped block by height: 728000
2016-Oct-01 13:46:07.534870 Skipped block by height: 729000
2016-Oct-01 13:46:08.138647 Skipped block by height: 730000
2016-Oct-01 13:46:08.139078 Skipped block by height: 731000
2016-Oct-01 13:46:08.139290 Skipped block by height: 732000
2016-Oct-01 13:46:08.139480 Skipped block by height: 733000
2016-Oct-01 13:46:08.139666 Skipped block by height: 734000
2016-Oct-01 13:46:08.139850 Skipped block by height: 735000
2016-Oct-01 13:46:08.140034 Skipped block by height: 736000
2016-Oct-01 13:46:08.140218 Skipped block by height: 737000
2016-Oct-01 13:46:08.140401 Skipped block by height: 738000
2016-Oct-01 13:46:08.140585 Skipped block by height: 739000
2016-Oct-01 13:46:08.819018 Skipped block by height: 740000
2016-Oct-01 13:46:08.819513 Skipped block by height: 741000
2016-Oct-01 13:46:08.819830 Skipped block by height: 742000
2016-Oct-01 13:46:08.820011 Skipped block by height: 743000
2016-Oct-01 13:46:08.820180 Skipped block by height: 744000
2016-Oct-01 13:46:08.820345 Skipped block by height: 745000
2016-Oct-01 13:46:08.820511 Skipped block by height: 746000
2016-Oct-01 13:46:08.820677 Skipped block by height: 747000
2016-Oct-01 13:46:08.820842 Skipped block by height: 748000
2016-Oct-01 13:46:08.821008 Skipped block by height: 749000
2016-Oct-01 13:46:09.600788 Skipped block by height: 750000
2016-Oct-01 13:46:09.601146 Skipped block by height: 751000
2016-Oct-01 13:46:09.601319 Skipped block by height: 752000
2016-Oct-01 13:46:09.601488 Skipped block by height: 753000
2016-Oct-01 13:46:09.601654 Skipped block by height: 754000
2016-Oct-01 13:46:09.601819 Skipped block by height: 755000
2016-Oct-01 13:46:09.601985 Skipped block by height: 756000
2016-Oct-01 13:46:09.602151 Skipped block by height: 757000
2016-Oct-01 13:46:09.602317 Skipped block by height: 758000
2016-Oct-01 13:46:09.602482 Skipped block by height: 759000
2016-Oct-01 13:46:10.307441 Skipped block by height: 760000
2016-Oct-01 13:46:10.307832 Skipped block by height: 761000
2016-Oct-01 13:46:10.308024 Skipped block by height: 762000
2016-Oct-01 13:46:10.308209 Skipped block by height: 763000
2016-Oct-01 13:46:10.308392 Skipped block by height: 764000
2016-Oct-01 13:46:10.308575 Skipped block by height: 765000
2016-Oct-01 13:46:10.308759 Skipped block by height: 766000
2016-Oct-01 13:46:10.308942 Skipped block by height: 767000
2016-Oct-01 13:46:10.309125 Skipped block by height: 768000
2016-Oct-01 13:46:10.309308 Skipped block by height: 769000
2016-Oct-01 13:46:11.426083 Skipped block by height: 770000
2016-Oct-01 13:46:11.426442 Skipped block by height: 771000
2016-Oct-01 13:46:11.426615 Skipped block by height: 772000
2016-Oct-01 13:46:11.426785 Skipped block by height: 773000
2016-Oct-01 13:46:11.426986 Skipped block by height: 774000
2016-Oct-01 13:46:11.427158 Skipped block by height: 775000
2016-Oct-01 13:46:11.427324 Skipped block by height: 776000
2016-Oct-01 13:46:11.427490 Skipped block by height: 777000
2016-Oct-01 13:46:11.427656 Skipped block by height: 778000
2016-Oct-01 13:46:11.427821 Skipped block by height: 779000
2016-Oct-01 13:46:12.703755 Skipped block by height: 780000
2016-Oct-01 13:46:12.704111 Skipped block by height: 781000
2016-Oct-01 13:46:12.704284 Skipped block by height: 782000
2016-Oct-01 13:46:12.704453 Skipped block by height: 783000
2016-Oct-01 13:46:12.704620 Skipped block by height: 784000
2016-Oct-01 13:46:12.704785 Skipped block by height: 785000
2016-Oct-01 13:46:12.704975 Skipped block by height: 786000
2016-Oct-01 13:46:12.705159 Skipped block by height: 787000
2016-Oct-01 13:46:12.705343 Skipped block by height: 788000
2016-Oct-01 13:46:12.705825 Skipped block by height: 789000
2016-Oct-01 13:46:14.260632 Skipped block by height: 790000
2016-Oct-01 13:46:14.260958 Skipped block by height: 791000
2016-Oct-01 13:46:14.261154 Skipped block by height: 792000
2016-Oct-01 13:46:14.261344 Skipped block by height: 793000
2016-Oct-01 13:46:14.261547 Skipped block by height: 794000
2016-Oct-01 13:46:14.261759 Skipped block by height: 795000
2016-Oct-01 13:46:14.261951 Skipped block by height: 796000
2016-Oct-01 13:46:14.262137 Skipped block by height: 797000
2016-Oct-01 13:46:14.262322 Skipped block by height: 798000
2016-Oct-01 13:46:14.262506 Skipped block by height: 799000
2016-Oct-01 13:46:15.394067 Skipped block by height: 800000
2016-Oct-01 13:46:15.394572 Skipped block by height: 801000
2016-Oct-01 13:46:15.394764 Skipped block by height: 802000
2016-Oct-01 13:46:15.395062 Skipped block by height: 803000
2016-Oct-01 13:46:15.395242 Skipped block by height: 804000
2016-Oct-01 13:46:15.395411 Skipped block by height: 805000
2016-Oct-01 13:46:15.395577 Skipped block by height: 806000
2016-Oct-01 13:46:15.395744 Skipped block by height: 807000
2016-Oct-01 13:46:15.395909 Skipped block by height: 808000
2016-Oct-01 13:46:15.396076 Skipped block by height: 809000
2016-Oct-01 13:46:16.322771 Skipped block by height: 810000
2016-Oct-01 13:46:16.323206 Skipped block by height: 811000
2016-Oct-01 13:46:16.323398 Skipped block by height: 812000
2016-Oct-01 13:46:16.323586 Skipped block by height: 813000
2016-Oct-01 13:46:16.323783 Skipped block by height: 814000
2016-Oct-01 13:46:16.323970 Skipped block by height: 815000
2016-Oct-01 13:46:16.324154 Skipped block by height: 816000
2016-Oct-01 13:46:16.324337 Skipped block by height: 817000
2016-Oct-01 13:46:16.324521 Skipped block by height: 818000
2016-Oct-01 13:46:16.324704 Skipped block by height: 819000
2016-Oct-01 13:46:17.121518 Skipped block by height: 820000
2016-Oct-01 13:46:17.121909 Skipped block by height: 821000
2016-Oct-01 13:46:17.122101 Skipped block by height: 822000
2016-Oct-01 13:46:17.122288 Skipped block by height: 823000
2016-Oct-01 13:46:17.122473 Skipped block by height: 824000
2016-Oct-01 13:46:17.122657 Skipped block by height: 825000
2016-Oct-01 13:46:17.122841 Skipped block by height: 826000
2016-Oct-01 13:46:17.123070 Skipped block by height: 827000
2016-Oct-01 13:46:17.123263 Skipped block by height: 828000
2016-Oct-01 13:46:17.123448 Skipped block by height: 829000
2016-Oct-01 13:46:17.951157 Skipped block by height: 830000
2016-Oct-01 13:46:17.951552 Skipped block by height: 831000
2016-Oct-01 13:46:17.951744 Skipped block by height: 832000
2016-Oct-01 13:46:17.951949 Skipped block by height: 833000
2016-Oct-01 13:46:17.952169 Skipped block by height: 834000
2016-Oct-01 13:46:17.952362 Skipped block by height: 835000
2016-Oct-01 13:46:17.952546 Skipped block by height: 836000
2016-Oct-01 13:46:17.952730 Skipped block by height: 837000
2016-Oct-01 13:46:17.952887 Skipped block by height: 838000
2016-Oct-01 13:46:17.953039 Skipped block by height: 839000
2016-Oct-01 13:46:18.878341 Skipped block by height: 840000
2016-Oct-01 13:46:18.878772 Skipped block by height: 841000
2016-Oct-01 13:46:18.879055 Skipped block by height: 842000
2016-Oct-01 13:46:18.879284 Skipped block by height: 843000
2016-Oct-01 13:46:18.879522 Skipped block by height: 844000
2016-Oct-01 13:46:18.879978 Skipped block by height: 845000
2016-Oct-01 13:46:18.880158 Skipped block by height: 846000
2016-Oct-01 13:46:18.880325 Skipped block by height: 847000
2016-Oct-01 13:46:18.880491 Skipped block by height: 848000
2016-Oct-01 13:46:18.880657 Skipped block by height: 849000
2016-Oct-01 13:46:19.892315 Skipped block by height: 850000
2016-Oct-01 13:46:19.892715 Skipped block by height: 851000
2016-Oct-01 13:46:19.892898 Skipped block by height: 852000
2016-Oct-01 13:46:19.893069 Skipped block by height: 853000
2016-Oct-01 13:46:19.893236 Skipped block by height: 854000
2016-Oct-01 13:46:19.893680 Skipped block by height: 855000
2016-Oct-01 13:46:19.893850 Skipped block by height: 856000
2016-Oct-01 13:46:19.894015 Skipped block by height: 857000
2016-Oct-01 13:46:19.894179 Skipped block by height: 858000
2016-Oct-01 13:46:19.894344 Skipped block by height: 859000
2016-Oct-01 13:46:20.962383 Skipped block by height: 860000
2016-Oct-01 13:46:20.962914 Skipped block by height: 861000
2016-Oct-01 13:46:20.963158 Skipped block by height: 862000
2016-Oct-01 13:46:20.963350 Skipped block by height: 863000
2016-Oct-01 13:46:20.963535 Skipped block by height: 864000
2016-Oct-01 13:46:20.963719 Skipped block by height: 865000
2016-Oct-01 13:46:20.963904 Skipped block by height: 866000
2016-Oct-01 13:46:20.964089 Skipped block by height: 867000
2016-Oct-01 13:46:20.964273 Skipped block by height: 868000
2016-Oct-01 13:46:20.964473 Skipped block by height: 869000
2016-Oct-01 13:46:22.282110 Skipped block by height: 870000
2016-Oct-01 13:46:22.282502 Skipped block by height: 871000
2016-Oct-01 13:46:22.282693 Skipped block by height: 872000
2016-Oct-01 13:46:22.282880 Skipped block by height: 873000
2016-Oct-01 13:46:22.283101 Skipped block by height: 874000
2016-Oct-01 13:46:22.283294 Skipped block by height: 875000
2016-Oct-01 13:46:22.283478 Skipped block by height: 876000
2016-Oct-01 13:46:22.283662 Skipped block by height: 877000
2016-Oct-01 13:46:22.283845 Skipped block by height: 878000
2016-Oct-01 13:46:22.284029 Skipped block by height: 879000
2016-Oct-01 13:46:23.123566 Skipped block by height: 880000
2016-Oct-01 13:46:23.123997 Skipped block by height: 881000
2016-Oct-01 13:46:23.124189 Skipped block by height: 882000
2016-Oct-01 13:46:23.124374 Skipped block by height: 883000
2016-Oct-01 13:46:23.124558 Skipped block by height: 884000
2016-Oct-01 13:46:23.124741 Skipped block by height: 885000
2016-Oct-01 13:46:23.124924 Skipped block by height: 886000
2016-Oct-01 13:46:23.125107 Skipped block by height: 887000
2016-Oct-01 13:46:23.125291 Skipped block by height: 888000
2016-Oct-01 13:46:23.125474 Skipped block by height: 889000
2016-Oct-01 13:46:24.133197 Skipped block by height: 890000
2016-Oct-01 13:46:24.133589 Skipped block by height: 891000
2016-Oct-01 13:46:24.133781 Skipped block by height: 892000
2016-Oct-01 13:46:24.133968 Skipped block by height: 893000
2016-Oct-01 13:46:24.134154 Skipped block by height: 894000
2016-Oct-01 13:46:24.134337 Skipped block by height: 895000
2016-Oct-01 13:46:24.134521 Skipped block by height: 896000
2016-Oct-01 13:46:24.134704 Skipped block by height: 897000
2016-Oct-01 13:46:24.134887 Skipped block by height: 898000
2016-Oct-01 13:46:24.135105 Skipped block by height: 899000
2016-Oct-01 13:46:25.171974 Skipped block by height: 900000
2016-Oct-01 13:46:25.172499 Skipped block by height: 901000
2016-Oct-01 13:46:25.172700 Skipped block by height: 902000
2016-Oct-01 13:46:25.172888 Skipped block by height: 903000
2016-Oct-01 13:46:25.173074 Skipped block by height: 904000
2016-Oct-01 13:46:25.173257 Skipped block by height: 905000
2016-Oct-01 13:46:25.173442 Skipped block by height: 906000
2016-Oct-01 13:46:25.173625 Skipped block by height: 907000
2016-Oct-01 13:46:25.173809 Skipped block by height: 908000
2016-Oct-01 13:46:25.173993 Skipped block by height: 909000
2016-Oct-01 13:46:26.451683 Skipped block by height: 910000
2016-Oct-01 13:46:26.452075 Skipped block by height: 911000
2016-Oct-01 13:46:26.452265 Skipped block by height: 912000
2016-Oct-01 13:46:26.452452 Skipped block by height: 913000
2016-Oct-01 13:46:26.452638 Skipped block by height: 914000
2016-Oct-01 13:46:26.452822 Skipped block by height: 915000
2016-Oct-01 13:46:26.453007 Skipped block by height: 916000
2016-Oct-01 13:46:26.453190 Skipped block by height: 917000
2016-Oct-01 13:46:26.453374 Skipped block by height: 918000
2016-Oct-01 13:46:26.453557 Skipped block by height: 919000
2016-Oct-01 13:46:27.383147 Skipped block by height: 920000
2016-Oct-01 13:46:27.383845 Skipped block by height: 921000
2016-Oct-01 13:46:27.384038 Skipped block by height: 922000
2016-Oct-01 13:46:27.384225 Skipped block by height: 923000
2016-Oct-01 13:46:27.384408 Skipped block by height: 924000
2016-Oct-01 13:46:27.384591 Skipped block by height: 925000
2016-Oct-01 13:46:27.384774 Skipped block by height: 926000
2016-Oct-01 13:46:27.384956 Skipped block by height: 927000
2016-Oct-01 13:46:27.385139 Skipped block by height: 928000
2016-Oct-01 13:46:27.385321 Skipped block by height: 929000
2016-Oct-01 13:46:28.411986 Skipped block by height: 930000
2016-Oct-01 13:46:28.412341 Skipped block by height: 931000
2016-Oct-01 13:46:28.412513 Skipped block by height: 932000
2016-Oct-01 13:46:28.412682 Skipped block by height: 933000
2016-Oct-01 13:46:28.412848 Skipped block by height: 934000
2016-Oct-01 13:46:28.413013 Skipped block by height: 935000
2016-Oct-01 13:46:28.413179 Skipped block by height: 936000
2016-Oct-01 13:46:28.413361 Skipped block by height: 937000
2016-Oct-01 13:46:28.413529 Skipped block by height: 938000
2016-Oct-01 13:46:28.413696 Skipped block by height: 939000
2016-Oct-01 13:46:29.207299 Skipped block by height: 940000
2016-Oct-01 13:46:29.207655 Skipped block by height: 941000
2016-Oct-01 13:46:29.207828 Skipped block by height: 942000
2016-Oct-01 13:46:29.207996 Skipped block by height: 943000
2016-Oct-01 13:46:29.208163 Skipped block by height: 944000
2016-Oct-01 13:46:29.208329 Skipped block by height: 945000
2016-Oct-01 13:46:29.208493 Skipped block by height: 946000
2016-Oct-01 13:46:29.208659 Skipped block by height: 947000
2016-Oct-01 13:46:29.208825 Skipped block by height: 948000
2016-Oct-01 13:46:29.208990 Skipped block by height: 949000
2016-Oct-01 13:46:30.004336 Skipped block by height: 950000
2016-Oct-01 13:46:30.004696 Skipped block by height: 951000
2016-Oct-01 13:46:30.004871 Skipped block by height: 952000
2016-Oct-01 13:46:30.005054 Skipped block by height: 953000
2016-Oct-01 13:46:30.005229 Skipped block by height: 954000
2016-Oct-01 13:46:30.005396 Skipped block by height: 955000
2016-Oct-01 13:46:30.005563 Skipped block by height: 956000
2016-Oct-01 13:46:30.005730 Skipped block by height: 957000
2016-Oct-01 13:46:30.005935 Skipped block by height: 958000
2016-Oct-01 13:46:30.006115 Skipped block by height: 959000
2016-Oct-01 13:46:30.749301 Skipped block by height: 960000
2016-Oct-01 13:46:30.749698 Skipped block by height: 961000
2016-Oct-01 13:46:30.749890 Skipped block by height: 962000
2016-Oct-01 13:46:30.750078 Skipped block by height: 963000
2016-Oct-01 13:46:30.750263 Skipped block by height: 964000
2016-Oct-01 13:46:30.750447 Skipped block by height: 965000
2016-Oct-01 13:46:30.750631 Skipped block by height: 966000
2016-Oct-01 13:46:30.750815 Skipped block by height: 967000
2016-Oct-01 13:46:30.751021 Skipped block by height: 968000
2016-Oct-01 13:46:30.751211 Skipped block by height: 969000
2016-Oct-01 13:46:31.621556 Skipped block by height: 970000
2016-Oct-01 13:46:31.621949 Skipped block by height: 971000
2016-Oct-01 13:46:31.622141 Skipped block by height: 972000
2016-Oct-01 13:46:31.622329 Skipped block by height: 973000
2016-Oct-01 13:46:31.622514 Skipped block by height: 974000
2016-Oct-01 13:46:31.622699 Skipped block by height: 975000
2016-Oct-01 13:46:31.622883 Skipped block by height: 976000
2016-Oct-01 13:46:31.623106 Skipped block by height: 977000
2016-Oct-01 13:46:31.623300 Skipped block by height: 978000
2016-Oct-01 13:46:31.623486 Skipped block by height: 979000
2016-Oct-01 13:46:32.384748 Skipped block by height: 980000
2016-Oct-01 13:46:32.384997 Skipped block by height: 981000
2016-Oct-01 13:46:32.385126 Skipped block by height: 982000
2016-Oct-01 13:46:32.385246 Skipped block by height: 983000
2016-Oct-01 13:46:32.385372 Skipped block by height: 984000
2016-Oct-01 13:46:32.385467 Skipped block by height: 985000
2016-Oct-01 13:46:32.385601 Skipped block by height: 986000
2016-Oct-01 13:46:32.385726 Skipped block by height: 987000
2016-Oct-01 13:46:32.385858 Skipped block by height: 988000
2016-Oct-01 13:46:32.385984 Skipped block by height: 989000
2016-Oct-01 13:46:33.175884 Skipped block by height: 990000
2016-Oct-01 13:46:33.176296 Skipped block by height: 991000
2016-Oct-01 13:46:33.176515 Skipped block by height: 992000
2016-Oct-01 13:46:33.176717 Skipped block by height: 993000
2016-Oct-01 13:46:33.176916 Skipped block by height: 994000
2016-Oct-01 13:46:33.177114 Skipped block by height: 995000
2016-Oct-01 13:46:33.177311 Skipped block by height: 996000
2016-Oct-01 13:46:33.177509 Skipped block by height: 997000
2016-Oct-01 13:46:33.177704 Skipped block by height: 998000
2016-Oct-01 13:46:33.178016 Skipped block by height: 999000
2016-Oct-01 13:46:34.009251 Skipped block by height: 1000000
2016-Oct-01 13:46:34.009663 Skipped block by height: 1001000
2016-Oct-01 13:46:34.009869 Skipped block by height: 1002000
2016-Oct-01 13:46:34.010070 Skipped block by height: 1003000
2016-Oct-01 13:46:34.010270 Skipped block by height: 1004000
2016-Oct-01 13:46:34.010480 Skipped block by height: 1005000
2016-Oct-01 13:46:34.010679 Skipped block by height: 1006000
2016-Oct-01 13:46:34.010877 Skipped block by height: 1007000
2016-Oct-01 13:46:34.011112 Skipped block by height: 1008000
2016-Oct-01 13:46:34.011315 Skipped block by height: 1009000
2016-Oct-01 13:46:34.717310 Skipped block by height: 1010000
2016-Oct-01 13:46:34.717887 Skipped block by height: 1011000
2016-Oct-01 13:46:34.718231 Skipped block by height: 1012000
2016-Oct-01 13:46:34.718561 Skipped block by height: 1013000
2016-Oct-01 13:46:34.718894 Skipped block by height: 1014000
2016-Oct-01 13:46:34.719312 Skipped block by height: 1015000
2016-Oct-01 13:46:34.719571 Skipped block by height: 1016000
2016-Oct-01 13:46:34.719922 Skipped block by height: 1017000
2016-Oct-01 13:46:34.720171 Skipped block by height: 1018000
2016-Oct-01 13:46:34.720423 Skipped block by height: 1019000
2016-Oct-01 13:46:35.453429 Skipped block by height: 1020000
2016-Oct-01 13:46:35.453886 Skipped block by height: 1021000
2016-Oct-01 13:46:35.454106 Skipped block by height: 1022000
2016-Oct-01 13:46:35.454309 Skipped block by height: 1023000
2016-Oct-01 13:46:35.454507 Skipped block by height: 1024000
2016-Oct-01 13:46:35.454706 Skipped block by height: 1025000
2016-Oct-01 13:46:35.454902 Skipped block by height: 1026000
2016-Oct-01 13:46:35.455134 Skipped block by height: 1027000
2016-Oct-01 13:46:35.455322 Skipped block by height: 1028000
2016-Oct-01 13:46:35.455503 Skipped block by height: 1029000
2016-Oct-01 13:46:36.237809 Skipped block by height: 1030000
2016-Oct-01 13:46:36.238215 Skipped block by height: 1031000
2016-Oct-01 13:46:36.238665 Skipped block by height: 1032000
2016-Oct-01 13:46:36.238858 Skipped block by height: 1033000
2016-Oct-01 13:46:36.239131 Skipped block by height: 1034000
2016-Oct-01 13:46:36.239316 Skipped block by height: 1035000
2016-Oct-01 13:46:36.239494 Skipped block by height: 1036000
2016-Oct-01 13:46:36.239676 Skipped block by height: 1037000
2016-Oct-01 13:46:36.239852 Skipped block by height: 1038000
2016-Oct-01 13:46:36.240030 Skipped block by height: 1039000
2016-Oct-01 13:46:37.673988 Skipped block by height: 1040000
2016-Oct-01 13:46:37.674225 Skipped block by height: 1041000
2016-Oct-01 13:46:37.674410 Skipped block by height: 1042000
2016-Oct-01 13:46:37.674551 Skipped block by height: 1043000
2016-Oct-01 13:46:37.674679 Skipped block by height: 1044000
2016-Oct-01 13:46:37.674783 Skipped block by height: 1045000
2016-Oct-01 13:46:37.674905 Skipped block by height: 1046000
2016-Oct-01 13:46:37.675022 Skipped block by height: 1047000
2016-Oct-01 13:46:37.675110 Skipped block by height: 1048000
2016-Oct-01 13:46:37.685058 Skipped block by height: 1049000
2016-Oct-01 13:46:39.257725 Skipped block by height: 1050000
2016-Oct-01 13:46:39.258034 Skipped block by height: 1051000
2016-Oct-01 13:46:39.258450 Skipped block by height: 1052000
2016-Oct-01 13:46:39.258585 Skipped block by height: 1053000
2016-Oct-01 13:46:39.258715 Skipped block by height: 1054000
2016-Oct-01 13:46:39.258842 Skipped block by height: 1055000
2016-Oct-01 13:46:39.259067 Skipped block by height: 1056000
2016-Oct-01 13:46:39.259245 Skipped block by height: 1057000
2016-Oct-01 13:46:39.259411 Skipped block by height: 1058000
2016-Oct-01 13:46:39.259576 Skipped block by height: 1059000
2016-Oct-01 13:46:41.057621 Skipped block by height: 1060000
2016-Oct-01 13:46:41.058084 Skipped block by height: 1061000
2016-Oct-01 13:46:41.058347 Skipped block by height: 1062000
2016-Oct-01 13:46:41.058549 Skipped block by height: 1063000
2016-Oct-01 13:46:41.058738 Skipped block by height: 1064000
2016-Oct-01 13:46:41.058923 Skipped block by height: 1065000
2016-Oct-01 13:46:41.059160 Skipped block by height: 1066000
2016-Oct-01 13:46:41.059345 Skipped block by height: 1067000
2016-Oct-01 13:46:41.059529 Skipped block by height: 1068000
2016-Oct-01 13:46:41.059713 Skipped block by height: 1069000
2016-Oct-01 13:46:42.267027 Skipped block by height: 1070000
2016-Oct-01 13:46:42.267418 Skipped block by height: 1071000
2016-Oct-01 13:46:42.267633 Skipped block by height: 1072000
2016-Oct-01 13:46:42.267810 Skipped block by height: 1073000
2016-Oct-01 13:46:42.267978 Skipped block by height: 1074000
2016-Oct-01 13:46:42.268143 Skipped block by height: 1075000
2016-Oct-01 13:46:42.268308 Skipped block by height: 1076000
2016-Oct-01 13:46:42.268474 Skipped block by height: 1077000
2016-Oct-01 13:46:42.268639 Skipped block by height: 1078000
2016-Oct-01 13:46:42.268804 Skipped block by height: 1079000
2016-Oct-01 13:46:43.636471 Skipped block by height: 1080000
2016-Oct-01 13:46:43.636888 Skipped block by height: 1081000
2016-Oct-01 13:46:43.637182 Skipped block by height: 1082000
2016-Oct-01 13:46:43.637398 Skipped block by height: 1083000
2016-Oct-01 13:46:43.637664 Skipped block by height: 1084000
2016-Oct-01 13:46:43.637893 Skipped block by height: 1085000
2016-Oct-01 13:46:43.638094 Skipped block by height: 1086000
2016-Oct-01 13:46:43.638405 Skipped block by height: 1087000
2016-Oct-01 13:46:43.638600 Skipped block by height: 1088000
2016-Oct-01 13:46:43.638898 Skipped block by height: 1089000
2016-Oct-01 13:46:44.753352 Skipped block by height: 1090000
2016-Oct-01 13:46:44.753723 Skipped block by height: 1091000
2016-Oct-01 13:46:44.753928 Skipped block by height: 1092000
2016-Oct-01 13:46:44.754120 Skipped block by height: 1093000
2016-Oct-01 13:46:44.754307 Skipped block by height: 1094000
2016-Oct-01 13:46:44.754492 Skipped block by height: 1095000
2016-Oct-01 13:46:44.754677 Skipped block by height: 1096000
2016-Oct-01 13:46:44.754863 Skipped block by height: 1097000
2016-Oct-01 13:46:44.755109 Skipped block by height: 1098000
2016-Oct-01 13:46:44.755308 Skipped block by height: 1099000
2016-Oct-01 13:46:45.667991 Skipped block by height: 1100000
2016-Oct-01 13:46:45.668441 Skipped block by height: 1101000
2016-Oct-01 13:46:45.668709 Skipped block by height: 1102000
2016-Oct-01 13:46:45.668901 Skipped block by height: 1103000
2016-Oct-01 13:46:45.669087 Skipped block by height: 1104000
2016-Oct-01 13:46:45.669270 Skipped block by height: 1105000
2016-Oct-01 13:46:45.669454 Skipped block by height: 1106000
2016-Oct-01 13:46:45.669638 Skipped block by height: 1107000
2016-Oct-01 13:46:45.669821 Skipped block by height: 1108000
2016-Oct-01 13:46:45.670005 Skipped block by height: 1109000
2016-Oct-01 13:46:46.356790 Skipped block by height: 1110000
2016-Oct-01 13:46:46.357187 Skipped block by height: 1111000
2016-Oct-01 13:46:46.357380 Skipped block by height: 1112000
2016-Oct-01 13:46:46.357567 Skipped block by height: 1113000
2016-Oct-01 13:46:46.357751 Skipped block by height: 1114000
2016-Oct-01 13:46:46.357935 Skipped block by height: 1115000
2016-Oct-01 13:46:46.358119 Skipped block by height: 1116000
2016-Oct-01 13:46:46.358599 Skipped block by height: 1117000
2016-Oct-01 13:46:46.358786 Skipped block by height: 1118000
2016-Oct-01 13:46:46.358969 Skipped block by height: 1119000
2016-Oct-01 13:46:47.163666 Skipped block by height: 1120000
2016-Oct-01 13:46:47.164049 Skipped block by height: 1121000
2016-Oct-01 13:46:47.164254 Skipped block by height: 1122000
2016-Oct-01 13:46:47.164443 Skipped block by height: 1123000
2016-Oct-01 13:46:47.164616 Skipped block by height: 1124000
2016-Oct-01 13:46:47.164781 Skipped block by height: 1125000
2016-Oct-01 13:46:47.164947 Skipped block by height: 1126000
2016-Oct-01 13:46:47.165113 Skipped block by height: 1127000
2016-Oct-01 13:46:47.165278 Skipped block by height: 1128000
2016-Oct-01 13:46:47.165443 Skipped block by height: 1129000
2016-Oct-01 13:46:48.215113 Skipped block by height: 1130000
2016-Oct-01 13:46:48.215574 Skipped block by height: 1131000
2016-Oct-01 13:46:48.215829 Skipped block by height: 1132000
2016-Oct-01 13:46:48.216041 Skipped block by height: 1133000
2016-Oct-01 13:46:48.216232 Skipped block by height: 1134000
2016-Oct-01 13:46:48.216416 Skipped block by height: 1135000
2016-Oct-01 13:46:48.216600 Skipped block by height: 1136000
2016-Oct-01 13:46:48.216785 Skipped block by height: 1137000
2016-Oct-01 13:46:48.216968 Skipped block by height: 1138000
2016-Oct-01 13:46:48.217167 Skipped block by height: 1139000
2016-Oct-01 13:46:48.977294 Skipped block by height: 1140000
2016-Oct-01 13:46:48.977675 Skipped block by height: 1141000
2016-Oct-01 13:46:48.977866 Skipped block by height: 1142000
2016-Oct-01 13:46:48.978053 Skipped block by height: 1143000
2016-Oct-01 13:46:48.978237 Skipped block by height: 1144000
2016-Oct-01 13:46:48.978420 Skipped block by height: 1145000
2016-Oct-01 13:46:48.978604 Skipped block by height: 1146000
2016-Oct-01 13:46:48.978802 Skipped block by height: 1147000
2016-Oct-01 13:46:48.979124 Skipped block by height: 1148000
2016-Oct-01 13:46:49.301775 Block is already in blockchain: 5496b6599646ed56153817cc57f98f020acc9b8c6be0b2d782a72ddaa272da43
2016-Oct-01 13:46:50.135915 Found new pool tx: <82a5ef2488de15b337890538e7389918891b4e8a6061d22d9a2ed85bea8e9e0e>
2016-Oct-01 13:46:50.530673 Found new pool tx: <e1f05449a2a657b4e0556a3376f3b6626365286da91378fb72b0657014632170>
2016-Oct-01 13:46:50.857924 Found new pool tx: <cc6674694865a8ef23c0d34313ee97d4eefed9e1a664d0be6f0ed579c8a357ad>
2016-Oct-01 13:46:51.270299 Found new pool tx: <52043c7fdc13c0f4a30c01576d5f5542ddae99a713f25e1fe4f672e0e4d83f99>
2016-Oct-01 13:46:52.339592 Found new pool tx: <40e00d6c9439d0c2c706fb37544f18ff2b7bb376b88e07972ce8558557cccb4f>
2016-Oct-01 13:46:52.608818 Found new pool tx: <498a093277c090a8f73822918163f895b572f9207bdf5c7742897db3ea493d9c>
2016-Oct-01 13:46:52.926113 Found new pool tx: <f47ccada8f8714407d78365aa3efaf5061f20c9fe7c597919e1e0253108e4f11>
2016-Oct-01 13:46:53.201051 Found new pool tx: <84f5229219f9d281c7d594406636c9a29229f2e08145f0af44bb985952a546e4>
2016-Oct-01 13:46:53.588696 Refresh done, blocks received: 0, balance: 0.000000000000, unlocked: 0.000000000000
2016-Oct-01 13:46:53.588768 Refresh done, blocks received: 0
2016-Oct-01 13:46:53.588817 Balance: 0.000000000000, unlocked balance: 0.000000000000
2016-Oct-01 13:46:53.588891 Background refresh thread started
2016-Oct-01 13:46:54.475983 Block is already in blockchain: 5496b6599646ed56153817cc57f98f020acc9b8c6be0b2d782a72ddaa272da43
2016-Oct-01 13:46:55.863177 Found new pool tx: <82a5ef2488de15b337890538e7389918891b4e8a6061d22d9a2ed85bea8e9e0e>
2016-Oct-01 13:46:56.116602 Found new pool tx: <e1f05449a2a657b4e0556a3376f3b6626365286da91378fb72b0657014632170>
2016-Oct-01 13:46:56.406736 Found new pool tx: <cc6674694865a8ef23c0d34313ee97d4eefed9e1a664d0be6f0ed579c8a357ad>
2016-Oct-01 13:46:56.758444 Found new pool tx: <52043c7fdc13c0f4a30c01576d5f5542ddae99a713f25e1fe4f672e0e4d83f99>
2016-Oct-01 13:46:56.977913 Found new pool tx: <40e00d6c9439d0c2c706fb37544f18ff2b7bb376b88e07972ce8558557cccb4f>
2016-Oct-01 13:46:57.203733 Found new pool tx: <498a093277c090a8f73822918163f895b572f9207bdf5c7742897db3ea493d9c>
2016-Oct-01 13:46:57.473487 Found new pool tx: <f47ccada8f8714407d78365aa3efaf5061f20c9fe7c597919e1e0253108e4f11>
2016-Oct-01 13:46:57.790436 Found new pool tx: <84f5229219f9d281c7d594406636c9a29229f2e08145f0af44bb985952a546e4>
2016-Oct-01 13:46:58.037313 Refresh done, blocks received: 0, balance: 0.000000000000, unlocked: 0.000000000000
2016-Oct-01 13:47:08.432327 Read command: exit
